2026-05-19 08:26:01,002 [INFO] ============================================================
2026-05-19 08:26:01,002 [INFO] 나라장터 입찰공고 모니터링 시작
2026-05-19 08:26:01,002 [INFO] 검색 조건: 건강보험심사평가원 / 클라우드 / 공개경쟁
2026-05-19 08:26:01,002 [INFO] 체크 주기: 5분
2026-05-19 08:26:01,003 [INFO] ============================================================
2026-05-19 08:26:01,003 [INFO] [2026-05-19 08:26:01] API 조회 중...
2026-05-19 08:26:01,364 [WARNING] totCnt 키를 찾지 못해 list 길이로 대체합니다.
2026-05-19 08:26:01,366 [INFO] 현재 공고 건수: 0건 (이전: None건)
2026-05-19 08:26:01,369 [INFO] 최초 실행: 기준값 0건 저장
2026-05-19 08:26:02,970 [INFO] [PowerShell 토스트] 🔍 G2B 모니터링 시작 — 현재 공고 0건 기준으로 모니터링합니다.
2026-05-19 08:26:02,971 [INFO] 다음 체크: 5분 후
2026-05-19 08:31:02,972 [INFO] [2026-05-19 08:31:02] API 조회 중...
2026-05-19 08:31:03,386 [WARNING] totCnt 키를 찾지 못해 list 길이로 대체합니다.
2026-05-19 08:31:03,388 [INFO] 현재 공고 건수: 0건 (이전: 0건)
2026-05-19 08:31:03,388 [INFO] 변경 없음.
2026-05-19 08:31:03,389 [INFO] 다음 체크: 5분 후
2026-05-19 08:36:03,390 [INFO] [2026-05-19 08:36:03] API 조회 중...
2026-05-19 08:36:03,695 [WARNING] totCnt 키를 찾지 못해 list 길이로 대체합니다.
2026-05-19 08:36:03,696 [INFO] 현재 공고 건수: 0건 (이전: 0건)
2026-05-19 08:36:03,696 [INFO] 변경 없음.
2026-05-19 08:36:03,697 [INFO] 다음 체크: 5분 후
2026-05-19 08:41:03,698 [INFO] [2026-05-19 08:41:03] API 조회 중...
2026-05-19 08:41:03,970 [WARNING] totCnt 키를 찾지 못해 list 길이로 대체합니다.
2026-05-19 08:41:03,971 [INFO] 현재 공고 건수: 0건 (이전: 0건)
2026-05-19 08:41:03,971 [INFO] 변경 없음.
2026-05-19 08:41:03,972 [INFO] 다음 체크: 5분 후
2026-05-19 08:46:03,973 [INFO] [2026-05-19 08:46:03] API 조회 중...
2026-05-19 08:46:04,275 [WARNING] totCnt 키를 찾지 못해 list 길이로 대체합니다.
2026-05-19 08:46:04,277 [INFO] 현재 공고 건수: 0건 (이전: 0건)
2026-05-19 08:46:04,278 [INFO] 변경 없음.
2026-05-19 08:46:04,278 [INFO] 다음 체크: 5분 후
2026-05-19 08:51:04,279 [INFO] [2026-05-19 08:51:04] API 조회 중...
2026-05-19 08:51:04,668 [WARNING] totCnt 키를 찾지 못해 list 길이로 대체합니다.
2026-05-19 08:51:04,669 [INFO] 현재 공고 건수: 0건 (이전: 0건)
2026-05-19 08:51:04,670 [INFO] 변경 없음.
2026-05-19 08:51:04,671 [INFO] 다음 체크: 5분 후
2026-05-19 08:56:04,671 [INFO] [2026-05-19 08:56:04] API 조회 중...
2026-05-19 08:56:05,010 [WARNING] totCnt 키를 찾지 못해 list 길이로 대체합니다.
2026-05-19 08:56:05,012 [INFO] 현재 공고 건수: 0건 (이전: 0건)
2026-05-19 08:56:05,012 [INFO] 변경 없음.
2026-05-19 08:56:05,013 [INFO] 다음 체크: 5분 후
2026-05-19 09:01:05,014 [INFO] [2026-05-19 09:01:05] API 조회 중...
2026-05-19 09:01:05,310 [WARNING] totCnt 키를 찾지 못해 list 길이로 대체합니다.
2026-05-19 09:01:05,311 [INFO] 현재 공고 건수: 0건 (이전: 0건)
2026-05-19 09:01:05,312 [INFO] 변경 없음.
2026-05-19 09:01:05,312 [INFO] 다음 체크: 5분 후
2026-05-19 09:06:05,313 [INFO] [2026-05-19 09:06:05] API 조회 중...
2026-05-19 09:06:05,785 [WARNING] totCnt 키를 찾지 못해 list 길이로 대체합니다.
2026-05-19 09:06:05,786 [INFO] 현재 공고 건수: 0건 (이전: 0건)
2026-05-19 09:06:05,787 [INFO] 변경 없음.
2026-05-19 09:06:05,788 [INFO] 다음 체크: 5분 후
2026-05-19 09:11:05,789 [INFO] [2026-05-19 09:11:05] API 조회 중...
2026-05-19 09:11:06,186 [WARNING] totCnt 키를 찾지 못해 list 길이로 대체합니다.
2026-05-19 09:11:06,188 [INFO] 현재 공고 건수: 0건 (이전: 0건)
2026-05-19 09:11:06,188 [INFO] 변경 없음.
2026-05-19 09:11:06,189 [INFO] 다음 체크: 5분 후
2026-05-19 09:16:06,190 [INFO] [2026-05-19 09:16:06] API 조회 중...
2026-05-19 09:16:06,577 [WARNING] totCnt 키를 찾지 못해 list 길이로 대체합니다.
2026-05-19 09:16:06,578 [INFO] 현재 공고 건수: 0건 (이전: 0건)
2026-05-19 09:16:06,579 [INFO] 변경 없음.
2026-05-19 09:16:06,580 [INFO] 다음 체크: 5분 후
2026-05-19 09:21:06,580 [INFO] [2026-05-19 09:21:06] API 조회 중...
2026-05-19 09:21:06,960 [WARNING] totCnt 키를 찾지 못해 list 길이로 대체합니다.
2026-05-19 09:21:06,962 [INFO] 현재 공고 건수: 0건 (이전: 0건)
2026-05-19 09:21:06,963 [INFO] 변경 없음.
2026-05-19 09:21:06,964 [INFO] 다음 체크: 5분 후
2026-05-19 09:26:06,964 [INFO] [2026-05-19 09:26:06] API 조회 중...
2026-05-19 09:26:07,368 [WARNING] totCnt 키를 찾지 못해 list 길이로 대체합니다.
2026-05-19 09:26:07,370 [INFO] 현재 공고 건수: 0건 (이전: 0건)
2026-05-19 09:26:07,370 [INFO] 변경 없음.
2026-05-19 09:26:07,371 [INFO] 다음 체크: 5분 후
2026-05-19 09:31:07,372 [INFO] [2026-05-19 09:31:07] API 조회 중...
2026-05-19 09:31:07,749 [WARNING] totCnt 키를 찾지 못해 list 길이로 대체합니다.
2026-05-19 09:31:07,751 [INFO] 현재 공고 건수: 0건 (이전: 0건)
2026-05-19 09:31:07,751 [INFO] 변경 없음.
2026-05-19 09:31:07,752 [INFO] 다음 체크: 5분 후
2026-05-19 09:36:07,753 [INFO] [2026-05-19 09:36:07] API 조회 중...
2026-05-19 09:36:08,105 [WARNING] totCnt 키를 찾지 못해 list 길이로 대체합니다.
2026-05-19 09:36:08,106 [INFO] 현재 공고 건수: 0건 (이전: 0건)
2026-05-19 09:36:08,107 [INFO] 변경 없음.
2026-05-19 09:36:08,108 [INFO] 다음 체크: 5분 후
2026-05-19 09:41:08,108 [INFO] [2026-05-19 09:41:08] API 조회 중...
2026-05-19 09:41:08,514 [WARNING] totCnt 키를 찾지 못해 list 길이로 대체합니다.
2026-05-19 09:41:08,516 [INFO] 현재 공고 건수: 0건 (이전: 0건)
2026-05-19 09:41:08,516 [INFO] 변경 없음.
2026-05-19 09:41:08,518 [INFO] 다음 체크: 5분 후
2026-05-19 09:46:08,518 [INFO] [2026-05-19 09:46:08] API 조회 중...
2026-05-19 09:46:08,893 [WARNING] totCnt 키를 찾지 못해 list 길이로 대체합니다.
2026-05-19 09:46:08,895 [INFO] 현재 공고 건수: 0건 (이전: 0건)
2026-05-19 09:46:08,895 [INFO] 변경 없음.
2026-05-19 09:46:08,896 [INFO] 다음 체크: 5분 후
2026-05-19 09:51:08,897 [INFO] [2026-05-19 09:51:08] API 조회 중...
2026-05-19 09:51:09,215 [WARNING] totCnt 키를 찾지 못해 list 길이로 대체합니다.
2026-05-19 09:51:09,217 [INFO] 현재 공고 건수: 0건 (이전: 0건)
2026-05-19 09:51:09,217 [INFO] 변경 없음.
2026-05-19 09:51:09,218 [INFO] 다음 체크: 5분 후
2026-05-19 09:56:09,219 [INFO] [2026-05-19 09:56:09] API 조회 중...
2026-05-19 09:56:09,627 [WARNING] totCnt 키를 찾지 못해 list 길이로 대체합니다.
2026-05-19 09:56:09,629 [INFO] 현재 공고 건수: 0건 (이전: 0건)
2026-05-19 09:56:09,630 [INFO] 변경 없음.
2026-05-19 09:56:09,631 [INFO] 다음 체크: 5분 후
2026-05-19 10:02:13,980 [INFO] [2026-05-19 10:02:13] API 조회 중...
2026-05-19 10:02:14,442 [WARNING] totCnt 키를 찾지 못해 list 길이로 대체합니다.
2026-05-19 10:02:14,443 [INFO] 현재 공고 건수: 0건 (이전: 0건)
2026-05-19 10:02:14,444 [INFO] 변경 없음.
2026-05-19 10:02:14,445 [INFO] 다음 체크: 5분 후
2026-05-19 10:07:14,445 [INFO] [2026-05-19 10:07:14] API 조회 중...
2026-05-19 10:07:14,824 [WARNING] totCnt 키를 찾지 못해 list 길이로 대체합니다.
2026-05-19 10:07:14,825 [INFO] 현재 공고 건수: 0건 (이전: 0건)
2026-05-19 10:07:14,825 [INFO] 변경 없음.
2026-05-19 10:07:14,826 [INFO] 다음 체크: 5분 후
2026-05-19 10:12:14,826 [INFO] [2026-05-19 10:12:14] API 조회 중...
2026-05-19 10:12:15,725 [WARNING] totCnt 키를 찾지 못해 list 길이로 대체합니다.
2026-05-19 10:12:15,727 [INFO] 현재 공고 건수: 0건 (이전: 0건)
2026-05-19 10:12:15,727 [INFO] 변경 없음.
2026-05-19 10:12:15,728 [INFO] 다음 체크: 5분 후
2026-05-19 10:17:15,729 [INFO] [2026-05-19 10:17:15] API 조회 중...
2026-05-19 10:17:16,156 [WARNING] totCnt 키를 찾지 못해 list 길이로 대체합니다.
2026-05-19 10:17:16,157 [INFO] 현재 공고 건수: 0건 (이전: 0건)
2026-05-19 10:17:16,158 [INFO] 변경 없음.
2026-05-19 10:17:16,159 [INFO] 다음 체크: 5분 후
2026-05-19 10:22:16,159 [INFO] [2026-05-19 10:22:16] API 조회 중...
2026-05-19 10:22:16,584 [WARNING] totCnt 키를 찾지 못해 list 길이로 대체합니다.
2026-05-19 10:22:16,585 [INFO] 현재 공고 건수: 0건 (이전: 0건)
2026-05-19 10:22:16,586 [INFO] 변경 없음.
2026-05-19 10:22:16,587 [INFO] 다음 체크: 5분 후
2026-05-19 10:27:16,588 [INFO] [2026-05-19 10:27:16] API 조회 중...
2026-05-19 10:27:17,205 [WARNING] totCnt 키를 찾지 못해 list 길이로 대체합니다.
2026-05-19 10:27:17,207 [INFO] 현재 공고 건수: 0건 (이전: 0건)
2026-05-19 10:27:17,207 [INFO] 변경 없음.
2026-05-19 10:27:17,208 [INFO] 다음 체크: 5분 후
2026-05-19 10:32:17,209 [INFO] [2026-05-19 10:32:17] API 조회 중...
2026-05-19 10:32:17,829 [WARNING] totCnt 키를 찾지 못해 list 길이로 대체합니다.
2026-05-19 10:32:17,833 [INFO] 현재 공고 건수: 0건 (이전: 0건)
2026-05-19 10:32:17,833 [INFO] 변경 없음.
2026-05-19 10:32:17,835 [INFO] 다음 체크: 5분 후
2026-05-19 10:33:47,081 [INFO] 모니터링 종료 (Ctrl+C)
2026-05-19 10:34:20,859 [INFO] ============================================================
2026-05-19 10:34:20,859 [INFO] 나라장터 입찰공고 모니터링 시작
2026-05-19 10:34:20,859 [INFO] 검색 조건: 건강보험심사평가원 / 클라우드 / 공개경쟁
2026-05-19 10:34:20,859 [INFO] 체크 주기: 5분
2026-05-19 10:34:20,859 [INFO] ============================================================
2026-05-19 10:34:20,860 [INFO] [2026-05-19 10:34:20] API 조회 중...
2026-05-19 10:34:21,233 [WARNING] totCnt 키를 찾지 못해 list 길이로 대체합니다.
2026-05-19 10:34:21,234 [INFO] 현재 공고 건수: 0건 (이전: 0건)
2026-05-19 10:34:21,235 [INFO] 변경 없음.
2026-05-19 10:34:21,235 [INFO] 다음 체크: 5분 후
2026-05-19 10:34:26,628 [INFO] 모니터링 종료 (Ctrl+C)
2026-05-19 10:35:25,901 [INFO] ============================================================
2026-05-19 10:35:25,901 [INFO] 나라장터 입찰공고 모니터링 시작
2026-05-19 10:35:25,901 [INFO] 검색 조건: 건강보험심사평가원 / 클라우드 / 공개경쟁
2026-05-19 10:35:25,902 [INFO] 체크 주기: 5분
2026-05-19 10:35:25,902 [INFO] ============================================================
2026-05-19 10:35:25,902 [INFO] [2026-05-19 10:35:25] API 조회 중...
2026-05-19 10:35:26,224 [WARNING] totCnt 키를 찾지 못해 list 길이로 대체합니다.
2026-05-19 10:35:26,226 [INFO] 현재 공고 건수: 0건 (이전: 0건)
2026-05-19 10:35:26,226 [INFO] 변경 없음.
2026-05-19 10:35:26,227 [INFO] 다음 체크: 5분 후
2026-05-19 10:35:29,390 [INFO] 모니터링 종료 (Ctrl+C)
2026-05-19 10:35:53,061 [INFO] ============================================================
2026-05-19 10:35:53,062 [INFO] 나라장터 입찰공고 모니터링 시작
2026-05-19 10:35:53,062 [INFO] 검색 조건: 건강보험심사평가원 / 클라우드 / 공개경쟁
2026-05-19 10:35:53,062 [INFO] 체크 주기: 5분
2026-05-19 10:35:53,062 [INFO] ============================================================
2026-05-19 10:35:53,062 [INFO] [2026-05-19 10:35:53] API 조회 중...
2026-05-19 10:35:53,442 [WARNING] totCnt 키를 찾지 못해 list 길이로 대체합니다.
2026-05-19 10:35:53,444 [INFO] 현재 공고 건수: 0건 (이전: 0건)
2026-05-19 10:35:53,444 [INFO] 변경 없음.
2026-05-19 10:35:53,445 [INFO] 다음 체크: 5분 후
2026-05-19 10:37:42,789 [INFO] 모니터링 종료 (Ctrl+C)
2026-05-19 10:37:43,818 [INFO] ============================================================
2026-05-19 10:37:43,818 [INFO] 나라장터 입찰공고 모니터링 시작
2026-05-19 10:37:43,819 [INFO] 검색 조건: 건강보험심사평가원 / 클라우드 / 공개경쟁
2026-05-19 10:37:43,819 [INFO] 체크 주기: 5분
2026-05-19 10:37:43,819 [INFO] ============================================================
2026-05-19 10:37:43,820 [INFO] [2026-05-19 10:37:43] API 조회 중...
2026-05-19 10:37:44,192 [WARNING] totCnt 키를 찾지 못해 list 길이로 대체합니다.
2026-05-19 10:37:44,193 [INFO] 현재 공고 건수: 0건 (이전: 0건)
2026-05-19 10:37:44,193 [INFO] 변경 없음.
2026-05-19 10:37:44,194 [INFO] 다음 체크: 5분 후
2026-05-19 10:39:11,029 [INFO] 모니터링 종료 (Ctrl+C)
2026-05-19 10:39:12,425 [INFO] ============================================================
2026-05-19 10:39:12,425 [INFO] 나라장터 입찰공고 모니터링 시작
2026-05-19 10:39:12,425 [INFO] 검색 조건: 건강보험심사평가원 / 클라우드 / 공개경쟁
2026-05-19 10:39:12,426 [INFO] 체크 주기: 5분
2026-05-19 10:39:12,426 [INFO] ============================================================
2026-05-19 10:39:12,426 [INFO] [2026-05-19 10:39:12] API 조회 중...
2026-05-19 10:39:12,844 [WARNING] totCnt 키를 찾지 못해 list 길이로 대체합니다.
2026-05-19 10:39:12,845 [INFO] 현재 공고 건수: 0건 (이전: 0건)
2026-05-19 10:39:12,845 [INFO] 변경 없음.
2026-05-19 10:39:12,846 [INFO] 다음 체크: 5분 후
2026-05-19 10:39:15,973 [INFO] 모니터링 종료 (Ctrl+C)
2026-05-19 10:39:31,178 [INFO] ============================================================
2026-05-19 10:39:31,178 [INFO] 나라장터 입찰공고 모니터링 시작
2026-05-19 10:39:31,178 [INFO] 검색 조건: 건강보험심사평가원 / 클라우드 / 공개경쟁
2026-05-19 10:39:31,179 [INFO] 체크 주기: 5분
2026-05-19 10:39:31,179 [INFO] ============================================================
2026-05-19 10:39:31,179 [INFO] [2026-05-19 10:39:31] API 조회 중...
2026-05-19 10:39:31,578 [WARNING] totCnt 키를 찾지 못해 list 길이로 대체합니다.
2026-05-19 10:39:31,578 [INFO] 현재 공고 건수: 10건 (이전: 0건)
2026-05-19 10:39:31,579 [INFO] 신규 공고 10건 감지
2026-05-19 10:39:31,579 [INFO] 변경 감지! 건강보험심사평가원 클라우드 공고: 0건 → 10건

신규 공고:
• 2026년 정보보안컨설팅 (R26BM00781026)
• 2026년 노후장비 교체 및 인프라 보강 사업 (R26BM00774527)
• &#40;수의시담&#41; 실제자료&#40;RWD&#41; 레지스트리 기반 희귀·중증질환 약제의 관리체계 마련 연구용역 (R26BM00773578)
  ... 외 7건
2026-05-19 10:39:32,296 [INFO] [PowerShell 토스트] 📢 나라장터 공고 변경 (+10건) — 건강보험심사평가원 클라우드 공고: 0→10건
2026-05-19 10:39:32,297 [INFO] 다음 체크: 5분 후
2026-05-19 10:39:42,101 [INFO] 모니터링 종료 (Ctrl+C)
2026-05-19 10:40:45,292 [INFO] ============================================================
2026-05-19 10:40:45,292 [INFO] 나라장터 입찰공고 모니터링 시작
2026-05-19 10:40:45,292 [INFO] 검색 조건: 건강보험심사평가원 / 클라우드 / 공개경쟁
2026-05-19 10:40:45,292 [INFO] 체크 주기: 5분
2026-05-19 10:40:45,292 [INFO] ============================================================
2026-05-19 10:40:45,293 [INFO] [2026-05-19 10:40:45] API 조회 중...
2026-05-19 10:40:46,052 [INFO] 현재 공고 건수: 10건 (이전: 10건)
2026-05-19 10:40:46,052 [INFO] 변경 없음.
2026-05-19 10:40:46,053 [INFO] 다음 체크: 5분 후
2026-05-19 10:42:29,197 [INFO] 모니터링 종료 (Ctrl+C)
2026-05-19 10:42:30,365 [INFO] ============================================================
2026-05-19 10:42:30,365 [INFO] 나라장터 입찰공고 모니터링 시작
2026-05-19 10:42:30,365 [INFO] 검색 조건: 건강보험심사평가원 / 클라우드 / 공개경쟁
2026-05-19 10:42:30,365 [INFO] 체크 주기: 5분
2026-05-19 10:42:30,366 [INFO] ============================================================
2026-05-19 10:42:30,366 [INFO] [2026-05-19 10:42:30] API 조회 중...
2026-05-19 10:42:30,740 [INFO] 현재 공고 건수: 2건 (이전: 10건)
2026-05-19 10:42:30,741 [INFO] 신규 공고 2건 감지
2026-05-19 10:42:30,741 [INFO] 변경 감지! 건강보험심사평가원 클라우드 공고: 10건 → 2건

신규 공고:
• 2026년 클라우드 전환 및 업무서비스 개선 사업 (R26BM00697304)
• 2026년 클라우드 전환 및 업무서비스 개선 사업 (R26BM00620253)
2026-05-19 10:42:31,444 [INFO] [PowerShell 토스트] 📢 나라장터 공고 변경 (-8건) — 건강보험심사평가원 클라우드 공고: 10→2건
2026-05-19 10:42:31,445 [INFO] 다음 체크: 5분 후
2026-05-19 10:43:53,533 [INFO] 모니터링 종료 (Ctrl+C)
2026-05-19 10:43:59,642 [INFO] ============================================================
2026-05-19 10:43:59,643 [INFO] 나라장터 입찰공고 모니터링 시작
2026-05-19 10:43:59,643 [INFO] 검색 조건: 건강보험심사평가원 / 클라우드 / 공개경쟁
2026-05-19 10:43:59,643 [INFO] 체크 주기: 5분
2026-05-19 10:43:59,643 [INFO] ============================================================
2026-05-19 10:43:59,644 [INFO] [2026-05-19 10:43:59] API 조회 중...
2026-05-19 10:44:00,235 [INFO] 현재 공고 건수: 2건 (이전: 2건)
2026-05-19 10:44:00,235 [INFO] 변경 없음.
2026-05-19 10:44:00,237 [INFO] 다음 체크: 5분 후
2026-05-19 10:44:04,437 [INFO] 모니터링 종료 (Ctrl+C)
2026-05-19 10:44:13,637 [INFO] ============================================================
2026-05-19 10:44:13,637 [INFO] 나라장터 입찰공고 모니터링 시작
2026-05-19 10:44:13,638 [INFO] 검색 조건: 건강보험심사평가원 / 클라우드 / 공개경쟁
2026-05-19 10:44:13,638 [INFO] 체크 주기: 5분
2026-05-19 10:44:13,638 [INFO] ============================================================
2026-05-19 10:44:13,639 [INFO] [2026-05-19 10:44:13] API 조회 중...
2026-05-19 10:44:13,957 [INFO] 현재 공고 건수: 1건 (이전: 2건)
2026-05-19 10:44:13,958 [INFO] 변경 감지! 건강보험심사평가원 클라우드 공고: 2건 → 1건
2026-05-19 10:44:14,662 [INFO] [PowerShell 토스트] 📢 나라장터 공고 변경 (-1건) — 건강보험심사평가원 클라우드 공고: 2→1건
2026-05-19 10:44:14,663 [INFO] 다음 체크: 5분 후
2026-05-19 10:45:37,326 [INFO] 모니터링 종료 (Ctrl+C)
2026-05-19 10:46:49,788 [INFO] ============================================================
2026-05-19 10:46:49,789 [INFO] 나라장터 입찰공고 모니터링 시작
2026-05-19 10:46:49,789 [INFO] 검색 조건: 건강보험심사평가원 / 클라우드 / 공개경쟁
2026-05-19 10:46:49,789 [INFO] 체크 주기: 5분
2026-05-19 10:46:49,789 [INFO] ============================================================
2026-05-19 10:46:49,790 [INFO] [2026-05-19 10:46:49] API 조회 중...
2026-05-19 10:46:50,061 [INFO] 현재 공고 건수: 1건 (이전: None건)
2026-05-19 10:46:50,072 [INFO] 최초 실행: 기준값 1건 저장
2026-05-19 10:46:50,747 [INFO] [PowerShell 토스트] 🔍 G2B 모니터링 시작 — 현재 공고 1건 기준으로 모니터링합니다.
2026-05-19 10:46:50,751 [INFO] 다음 체크: 5분 후
2026-05-19 10:47:11,204 [INFO] ============================================================
2026-05-19 10:47:11,204 [INFO] 나라장터 입찰공고 모니터링 시작
2026-05-19 10:47:11,205 [INFO] 검색 조건: 건강보험심사평가원 / 클라우드 / 공개경쟁
2026-05-19 10:47:11,205 [INFO] 체크 주기: 5분
2026-05-19 10:47:11,205 [INFO] ============================================================
2026-05-19 10:47:11,205 [INFO] [2026-05-19 10:47:11] API 조회 중...
2026-05-19 10:47:12,830 [INFO] 현재 공고 건수: 1건 (이전: None건)
2026-05-19 10:47:12,831 [INFO] 최초 실행: 기준값 1건 저장
2026-05-19 10:47:13,505 [INFO] [PowerShell 토스트] 🔍 G2B 모니터링 시작 — 현재 공고 1건 기준으로 모니터링합니다.
2026-05-19 10:47:13,506 [INFO] 다음 체크: 5분 후
2026-05-19 10:47:30,437 [INFO] 모니터링 종료 (Ctrl+C)
2026-05-19 10:47:32,415 [INFO] ============================================================
2026-05-19 10:47:32,415 [INFO] 나라장터 입찰공고 모니터링 시작
2026-05-19 10:47:32,415 [INFO] 검색 조건: 건강보험심사평가원 / 클라우드 / 공개경쟁
2026-05-19 10:47:32,416 [INFO] 체크 주기: 5분
2026-05-19 10:47:32,416 [INFO] ============================================================
2026-05-19 10:47:32,416 [INFO] [2026-05-19 10:47:32] API 조회 중...
2026-05-19 10:47:33,047 [INFO] 현재 공고 건수: 1건 (이전: 2건)
2026-05-19 10:47:33,047 [INFO] 변경 감지! 건강보험심사평가원 클라우드 공고: 2건 → 1건
2026-05-19 10:47:33,721 [INFO] [PowerShell 토스트] 📢 나라장터 공고 변경 (-1건) — 건강보험심사평가원 클라우드 공고: 2→1건
2026-05-19 10:47:33,722 [INFO] 다음 체크: 5분 후
2026-05-19 10:47:45,597 [INFO] 모니터링 종료 (Ctrl+C)
2026-05-19 10:47:47,139 [INFO] ============================================================
2026-05-19 10:47:47,140 [INFO] 나라장터 입찰공고 모니터링 시작
2026-05-19 10:47:47,140 [INFO] 검색 조건: 건강보험심사평가원 / 클라우드 / 공개경쟁
2026-05-19 10:47:47,141 [INFO] 체크 주기: 5분
2026-05-19 10:47:47,141 [INFO] ============================================================
2026-05-19 10:47:47,141 [INFO] [2026-05-19 10:47:47] API 조회 중...
2026-05-19 10:47:47,495 [INFO] 현재 공고 건수: 1건 (이전: 2건)
2026-05-19 10:47:47,499 [INFO] 변경 감지! 건강보험심사평가원 클라우드 공고: 2건 → 1건
2026-05-19 10:47:48,176 [INFO] [PowerShell 토스트] 📢 나라장터 공고 변경 (-1건) — 건강보험심사평가원 클라우드 공고: 2→1건
2026-05-19 10:47:48,177 [INFO] 다음 체크: 5분 후
2026-05-19 10:48:57,303 [INFO] 모니터링 종료 (Ctrl+C)
2026-05-19 10:48:58,748 [INFO] 모니터링 종료 (Ctrl+C)
2026-05-19 10:52:53,109 [INFO] ============================================================
2026-05-19 10:52:53,110 [INFO] 나라장터 입찰공고 모니터링 시작
2026-05-19 10:52:53,110 [INFO] 검색 조건: 건강보험심사평가원 / 클라우드 / 공개경쟁
2026-05-19 10:52:53,110 [INFO] 체크 주기: 5분
2026-05-19 10:52:53,111 [INFO] ============================================================
2026-05-19 10:52:53,111 [INFO] [2026-05-19 10:52:53] API 조회 중...
2026-05-19 10:52:53,446 [INFO] 현재 공고 건수: 1건 (이전: 2건)
2026-05-19 10:52:53,447 [INFO] 변경 감지! 건강보험심사평가원 클라우드 공고: 2건 → 1건
2026-05-19 10:52:53,455 [INFO] 다음 체크: 5분 후
2026-05-19 10:53:20,253 [INFO] 모니터링 종료 (Ctrl+C)
2026-05-19 10:53:39,070 [INFO] ============================================================
2026-05-19 10:53:39,071 [INFO] 나라장터 입찰공고 모니터링 시작
2026-05-19 10:53:39,071 [INFO] 검색 조건: 건강보험심사평가원 / 클라우드 / 공개경쟁
2026-05-19 10:53:39,071 [INFO] 체크 주기: 5분
2026-05-19 10:53:39,071 [INFO] ============================================================
2026-05-19 10:53:39,072 [INFO] [2026-05-19 10:53:39] API 조회 중...
2026-05-19 10:53:39,320 [INFO] 현재 공고 건수: 0건 (이전: 1건)
2026-05-19 10:53:39,320 [INFO] 변경 감지! 건강보험심사평가원 클라우드 공고: 1건 → 0건
2026-05-19 10:53:39,327 [INFO] 다음 체크: 5분 후
2026-05-19 10:58:39,328 [INFO] [2026-05-19 10:58:39] API 조회 중...
2026-05-19 10:58:39,600 [INFO] 현재 공고 건수: 0건 (이전: 0건)
2026-05-19 10:58:39,601 [INFO] 변경 없음.
2026-05-19 10:58:39,602 [INFO] 다음 체크: 5분 후
2026-05-19 11:03:39,603 [INFO] [2026-05-19 11:03:39] API 조회 중...
2026-05-19 11:03:39,911 [INFO] 현재 공고 건수: 0건 (이전: 0건)
2026-05-19 11:03:39,912 [INFO] 변경 없음.
2026-05-19 11:03:39,913 [INFO] 다음 체크: 5분 후
2026-05-19 11:08:39,914 [INFO] [2026-05-19 11:08:39] API 조회 중...
2026-05-19 11:08:40,176 [INFO] 현재 공고 건수: 0건 (이전: 0건)
2026-05-19 11:08:40,177 [INFO] 변경 없음.
2026-05-19 11:08:40,178 [INFO] 다음 체크: 5분 후
2026-05-19 11:13:40,178 [INFO] [2026-05-19 11:13:40] API 조회 중...
2026-05-19 11:13:40,437 [INFO] 현재 공고 건수: 0건 (이전: 0건)
2026-05-19 11:13:40,438 [INFO] 변경 없음.
2026-05-19 11:13:40,438 [INFO] 다음 체크: 5분 후
2026-05-19 11:18:40,439 [INFO] [2026-05-19 11:18:40] API 조회 중...
2026-05-19 11:18:40,707 [INFO] 현재 공고 건수: 0건 (이전: 0건)
2026-05-19 11:18:40,707 [INFO] 변경 없음.
2026-05-19 11:18:40,708 [INFO] 다음 체크: 5분 후
2026-05-19 11:23:40,709 [INFO] [2026-05-19 11:23:40] API 조회 중...
2026-05-19 11:23:40,993 [INFO] 현재 공고 건수: 0건 (이전: 0건)
2026-05-19 11:23:40,993 [INFO] 변경 없음.
2026-05-19 11:23:40,994 [INFO] 다음 체크: 5분 후
2026-05-19 11:28:40,995 [INFO] [2026-05-19 11:28:40] API 조회 중...
2026-05-19 11:28:41,272 [INFO] 현재 공고 건수: 0건 (이전: 0건)
2026-05-19 11:28:41,273 [INFO] 변경 없음.
2026-05-19 11:28:41,274 [INFO] 다음 체크: 5분 후
2026-05-19 11:33:41,275 [INFO] [2026-05-19 11:33:41] API 조회 중...
2026-05-19 11:33:41,514 [INFO] 현재 공고 건수: 0건 (이전: 0건)
2026-05-19 11:33:41,515 [INFO] 변경 없음.
2026-05-19 11:33:41,517 [INFO] 다음 체크: 5분 후
2026-05-19 11:38:41,518 [INFO] [2026-05-19 11:38:41] API 조회 중...
2026-05-19 11:38:41,756 [INFO] 현재 공고 건수: 0건 (이전: 0건)
2026-05-19 11:38:41,756 [INFO] 변경 없음.
2026-05-19 11:38:41,758 [INFO] 다음 체크: 5분 후
2026-05-19 11:43:41,758 [INFO] [2026-05-19 11:43:41] API 조회 중...
2026-05-19 11:43:42,000 [INFO] 현재 공고 건수: 0건 (이전: 0건)
2026-05-19 11:43:42,001 [INFO] 변경 없음.
2026-05-19 11:43:42,002 [INFO] 다음 체크: 5분 후
2026-05-19 11:48:42,003 [INFO] [2026-05-19 11:48:42] API 조회 중...
2026-05-19 11:48:42,327 [INFO] 현재 공고 건수: 0건 (이전: 0건)
2026-05-19 11:48:42,327 [INFO] 변경 없음.
2026-05-19 11:48:42,327 [INFO] 다음 체크: 5분 후
2026-05-19 11:53:42,328 [INFO] [2026-05-19 11:53:42] API 조회 중...
2026-05-19 11:53:42,627 [INFO] 현재 공고 건수: 0건 (이전: 0건)
2026-05-19 11:53:42,627 [INFO] 변경 없음.
2026-05-19 11:53:42,628 [INFO] 다음 체크: 5분 후
2026-05-19 11:58:42,628 [INFO] [2026-05-19 11:58:42] API 조회 중...
2026-05-19 11:58:42,938 [INFO] 현재 공고 건수: 0건 (이전: 0건)
2026-05-19 11:58:42,939 [INFO] 변경 없음.
2026-05-19 11:58:42,940 [INFO] 다음 체크: 5분 후
2026-05-19 12:03:42,940 [INFO] [2026-05-19 12:03:42] API 조회 중...
2026-05-19 12:03:43,201 [INFO] 현재 공고 건수: 0건 (이전: 0건)
2026-05-19 12:03:43,202 [INFO] 변경 없음.
2026-05-19 12:03:43,204 [INFO] 다음 체크: 5분 후
2026-05-19 12:08:43,205 [INFO] [2026-05-19 12:08:43] API 조회 중...
2026-05-19 12:08:43,430 [INFO] 현재 공고 건수: 0건 (이전: 0건)
2026-05-19 12:08:43,430 [INFO] 변경 없음.
2026-05-19 12:08:43,431 [INFO] 다음 체크: 5분 후
2026-05-19 12:13:43,432 [INFO] [2026-05-19 12:13:43] API 조회 중...
2026-05-19 12:13:43,688 [INFO] 현재 공고 건수: 0건 (이전: 0건)
2026-05-19 12:13:43,689 [INFO] 변경 없음.
2026-05-19 12:13:43,690 [INFO] 다음 체크: 5분 후
2026-05-19 12:18:43,691 [INFO] [2026-05-19 12:18:43] API 조회 중...
2026-05-19 12:18:43,966 [INFO] 현재 공고 건수: 0건 (이전: 0건)
2026-05-19 12:18:43,966 [INFO] 변경 없음.
2026-05-19 12:18:43,968 [INFO] 다음 체크: 5분 후
2026-05-19 12:23:43,969 [INFO] [2026-05-19 12:23:43] API 조회 중...
2026-05-19 12:23:44,286 [INFO] 현재 공고 건수: 0건 (이전: 0건)
2026-05-19 12:23:44,287 [INFO] 변경 없음.
2026-05-19 12:23:44,288 [INFO] 다음 체크: 5분 후
2026-05-19 12:28:44,289 [INFO] [2026-05-19 12:28:44] API 조회 중...
2026-05-19 12:28:44,494 [INFO] 현재 공고 건수: 0건 (이전: 0건)
2026-05-19 12:28:44,495 [INFO] 변경 없음.
2026-05-19 12:28:44,496 [INFO] 다음 체크: 5분 후
2026-05-19 12:33:44,497 [INFO] [2026-05-19 12:33:44] API 조회 중...
2026-05-19 12:33:44,847 [INFO] 현재 공고 건수: 0건 (이전: 0건)
2026-05-19 12:33:44,847 [INFO] 변경 없음.
2026-05-19 12:33:44,848 [INFO] 다음 체크: 5분 후
2026-05-19 12:38:44,849 [INFO] [2026-05-19 12:38:44] API 조회 중...
2026-05-19 12:38:45,143 [INFO] 현재 공고 건수: 0건 (이전: 0건)
2026-05-19 12:38:45,143 [INFO] 변경 없음.
2026-05-19 12:38:45,144 [INFO] 다음 체크: 5분 후
2026-05-19 12:43:45,010 [INFO] [2026-05-19 12:43:45] API 조회 중...
2026-05-19 12:43:45,288 [INFO] 현재 공고 건수: 0건 (이전: 0건)
2026-05-19 12:43:45,289 [INFO] 변경 없음.
2026-05-19 12:43:45,291 [INFO] 다음 체크: 5분 후
2026-05-19 12:48:45,292 [INFO] [2026-05-19 12:48:45] API 조회 중...
2026-05-19 12:48:45,552 [INFO] 현재 공고 건수: 0건 (이전: 0건)
2026-05-19 12:48:45,552 [INFO] 변경 없음.
2026-05-19 12:48:45,554 [INFO] 다음 체크: 5분 후
2026-05-19 12:53:45,555 [INFO] [2026-05-19 12:53:45] API 조회 중...
2026-05-19 12:53:45,794 [INFO] 현재 공고 건수: 0건 (이전: 0건)
2026-05-19 12:53:45,795 [INFO] 변경 없음.
2026-05-19 12:53:45,796 [INFO] 다음 체크: 5분 후
2026-05-19 12:58:45,797 [INFO] [2026-05-19 12:58:45] API 조회 중...
2026-05-19 12:58:46,016 [INFO] 현재 공고 건수: 0건 (이전: 0건)
2026-05-19 12:58:46,016 [INFO] 변경 없음.
2026-05-19 12:58:46,017 [INFO] 다음 체크: 5분 후
2026-05-19 13:03:46,018 [INFO] [2026-05-19 13:03:46] API 조회 중...
2026-05-19 13:03:46,292 [INFO] 현재 공고 건수: 0건 (이전: 0건)
2026-05-19 13:03:46,292 [INFO] 변경 없음.
2026-05-19 13:03:46,293 [INFO] 다음 체크: 5분 후
2026-05-19 13:08:46,294 [INFO] [2026-05-19 13:08:46] API 조회 중...
2026-05-19 13:08:46,589 [INFO] 현재 공고 건수: 0건 (이전: 0건)
2026-05-19 13:08:46,590 [INFO] 변경 없음.
2026-05-19 13:08:46,591 [INFO] 다음 체크: 5분 후
2026-05-19 13:13:46,592 [INFO] [2026-05-19 13:13:46] API 조회 중...
2026-05-19 13:13:47,225 [INFO] 현재 공고 건수: 0건 (이전: 0건)
2026-05-19 13:13:47,225 [INFO] 변경 없음.
2026-05-19 13:13:47,227 [INFO] 다음 체크: 5분 후
2026-05-19 13:18:47,228 [INFO] [2026-05-19 13:18:47] API 조회 중...
2026-05-19 13:18:47,880 [INFO] 현재 공고 건수: 0건 (이전: 0건)
2026-05-19 13:18:47,881 [INFO] 변경 없음.
2026-05-19 13:18:47,883 [INFO] 다음 체크: 5분 후
2026-05-19 13:23:47,883 [INFO] [2026-05-19 13:23:47] API 조회 중...
2026-05-19 13:23:48,471 [INFO] 현재 공고 건수: 0건 (이전: 0건)
2026-05-19 13:23:48,472 [INFO] 변경 없음.
2026-05-19 13:23:48,473 [INFO] 다음 체크: 5분 후
2026-05-19 13:28:48,474 [INFO] [2026-05-19 13:28:48] API 조회 중...
2026-05-19 13:28:49,052 [INFO] 현재 공고 건수: 0건 (이전: 0건)
2026-05-19 13:28:49,052 [INFO] 변경 없음.
2026-05-19 13:28:49,054 [INFO] 다음 체크: 5분 후
2026-05-19 13:33:49,055 [INFO] [2026-05-19 13:33:49] API 조회 중...
2026-05-19 13:33:49,566 [INFO] 현재 공고 건수: 0건 (이전: 0건)
2026-05-19 13:33:49,567 [INFO] 변경 없음.
2026-05-19 13:33:49,568 [INFO] 다음 체크: 5분 후
2026-05-19 13:38:49,569 [INFO] [2026-05-19 13:38:49] API 조회 중...
2026-05-19 13:38:50,028 [INFO] 현재 공고 건수: 0건 (이전: 0건)
2026-05-19 13:38:50,028 [INFO] 변경 없음.
2026-05-19 13:38:50,029 [INFO] 다음 체크: 5분 후
2026-05-19 13:43:50,030 [INFO] [2026-05-19 13:43:50] API 조회 중...
2026-05-19 13:43:50,368 [INFO] 현재 공고 건수: 0건 (이전: 0건)
2026-05-19 13:43:50,369 [INFO] 변경 없음.
2026-05-19 13:43:50,370 [INFO] 다음 체크: 5분 후
2026-05-19 13:48:50,371 [INFO] [2026-05-19 13:48:50] API 조회 중...
2026-05-19 13:48:50,652 [INFO] 현재 공고 건수: 0건 (이전: 0건)
2026-05-19 13:48:50,652 [INFO] 변경 없음.
2026-05-19 13:48:50,653 [INFO] 다음 체크: 5분 후
2026-05-19 13:53:50,654 [INFO] [2026-05-19 13:53:50] API 조회 중...
2026-05-19 13:53:50,921 [INFO] 현재 공고 건수: 0건 (이전: 0건)
2026-05-19 13:53:50,922 [INFO] 변경 없음.
2026-05-19 13:53:50,924 [INFO] 다음 체크: 5분 후
2026-05-19 13:58:50,924 [INFO] [2026-05-19 13:58:50] API 조회 중...
2026-05-19 13:58:51,159 [INFO] 현재 공고 건수: 0건 (이전: 0건)
2026-05-19 13:58:51,159 [INFO] 변경 없음.
2026-05-19 13:58:51,160 [INFO] 다음 체크: 5분 후
2026-05-19 14:03:51,160 [INFO] [2026-05-19 14:03:51] API 조회 중...
2026-05-19 14:03:51,785 [INFO] 현재 공고 건수: 0건 (이전: 0건)
2026-05-19 14:03:51,786 [INFO] 변경 없음.
2026-05-19 14:03:51,787 [INFO] 다음 체크: 5분 후
2026-05-19 14:08:51,789 [INFO] [2026-05-19 14:08:51] API 조회 중...
2026-05-19 14:08:52,272 [INFO] 현재 공고 건수: 0건 (이전: 0건)
2026-05-19 14:08:52,273 [INFO] 변경 없음.
2026-05-19 14:08:52,274 [INFO] 다음 체크: 5분 후
2026-05-19 14:13:52,275 [INFO] [2026-05-19 14:13:52] API 조회 중...
2026-05-19 14:13:52,844 [INFO] 현재 공고 건수: 0건 (이전: 0건)
2026-05-19 14:13:52,844 [INFO] 변경 없음.
2026-05-19 14:13:52,845 [INFO] 다음 체크: 5분 후
2026-05-19 14:18:52,846 [INFO] [2026-05-19 14:18:52] API 조회 중...
2026-05-19 14:18:53,421 [INFO] 현재 공고 건수: 0건 (이전: 0건)
2026-05-19 14:18:53,421 [INFO] 변경 없음.
2026-05-19 14:18:53,422 [INFO] 다음 체크: 5분 후
2026-05-19 14:23:53,423 [INFO] [2026-05-19 14:23:53] API 조회 중...
2026-05-19 14:23:54,202 [INFO] 현재 공고 건수: 0건 (이전: 0건)
2026-05-19 14:23:54,203 [INFO] 변경 없음.
2026-05-19 14:23:54,205 [INFO] 다음 체크: 5분 후
2026-05-19 14:28:54,206 [INFO] [2026-05-19 14:28:54] API 조회 중...
2026-05-19 14:28:54,744 [INFO] 현재 공고 건수: 0건 (이전: 0건)
2026-05-19 14:28:54,745 [INFO] 변경 없음.
2026-05-19 14:28:54,746 [INFO] 다음 체크: 5분 후
2026-05-19 14:33:54,747 [INFO] [2026-05-19 14:33:54] API 조회 중...
2026-05-19 14:33:55,387 [INFO] 현재 공고 건수: 0건 (이전: 0건)
2026-05-19 14:33:55,388 [INFO] 변경 없음.
2026-05-19 14:33:55,390 [INFO] 다음 체크: 5분 후
2026-05-19 14:38:55,391 [INFO] [2026-05-19 14:38:55] API 조회 중...
2026-05-19 14:38:55,912 [INFO] 현재 공고 건수: 0건 (이전: 0건)
2026-05-19 14:38:55,913 [INFO] 변경 없음.
2026-05-19 14:38:55,914 [INFO] 다음 체크: 5분 후
2026-05-19 14:43:55,914 [INFO] [2026-05-19 14:43:55] API 조회 중...
2026-05-19 14:43:56,654 [INFO] 현재 공고 건수: 0건 (이전: 0건)
2026-05-19 14:43:56,654 [INFO] 변경 없음.
2026-05-19 14:43:56,655 [INFO] 다음 체크: 5분 후
2026-05-19 14:48:56,655 [INFO] [2026-05-19 14:48:56] API 조회 중...
2026-05-19 14:48:57,141 [INFO] 현재 공고 건수: 0건 (이전: 0건)
2026-05-19 14:48:57,142 [INFO] 변경 없음.
2026-05-19 14:48:57,143 [INFO] 다음 체크: 5분 후
2026-05-19 14:53:57,144 [INFO] [2026-05-19 14:53:57] API 조회 중...
2026-05-19 14:53:59,763 [INFO] 현재 공고 건수: 0건 (이전: 0건)
2026-05-19 14:53:59,764 [INFO] 변경 없음.
2026-05-19 14:53:59,764 [INFO] 다음 체크: 5분 후
2026-05-19 14:58:59,765 [INFO] [2026-05-19 14:58:59] API 조회 중...
2026-05-19 14:59:00,221 [INFO] 현재 공고 건수: 0건 (이전: 0건)
2026-05-19 14:59:00,222 [INFO] 변경 없음.
2026-05-19 14:59:00,224 [INFO] 다음 체크: 5분 후
2026-05-19 15:04:15,305 [INFO] [2026-05-19 15:04:15] API 조회 중...
2026-05-19 15:04:16,893 [INFO] 현재 공고 건수: 0건 (이전: 0건)
2026-05-19 15:04:16,894 [INFO] 변경 없음.
2026-05-19 15:04:16,896 [INFO] 다음 체크: 5분 후
2026-05-19 15:09:16,796 [INFO] [2026-05-19 15:09:16] API 조회 중...
2026-05-19 15:09:17,069 [INFO] 현재 공고 건수: 0건 (이전: 0건)
2026-05-19 15:09:17,069 [INFO] 변경 없음.
2026-05-19 15:09:17,070 [INFO] 다음 체크: 5분 후
2026-05-19 15:14:17,071 [INFO] [2026-05-19 15:14:17] API 조회 중...
2026-05-19 15:14:17,314 [INFO] 현재 공고 건수: 0건 (이전: 0건)
2026-05-19 15:14:17,315 [INFO] 변경 없음.
2026-05-19 15:14:17,316 [INFO] 다음 체크: 5분 후
2026-05-19 15:19:17,317 [INFO] [2026-05-19 15:19:17] API 조회 중...
2026-05-19 15:19:17,792 [INFO] 현재 공고 건수: 0건 (이전: 0건)
2026-05-19 15:19:17,792 [INFO] 변경 없음.
2026-05-19 15:19:17,793 [INFO] 다음 체크: 5분 후
2026-05-19 15:24:17,794 [INFO] [2026-05-19 15:24:17] API 조회 중...
2026-05-19 15:24:18,322 [INFO] 현재 공고 건수: 0건 (이전: 0건)
2026-05-19 15:24:18,322 [INFO] 변경 없음.
2026-05-19 15:24:18,324 [INFO] 다음 체크: 5분 후
2026-05-19 15:29:18,325 [INFO] [2026-05-19 15:29:18] API 조회 중...
2026-05-19 15:29:18,769 [INFO] 현재 공고 건수: 0건 (이전: 0건)
2026-05-19 15:29:18,770 [INFO] 변경 없음.
2026-05-19 15:29:18,772 [INFO] 다음 체크: 5분 후
2026-05-19 15:34:18,773 [INFO] [2026-05-19 15:34:18] API 조회 중...
2026-05-19 15:34:19,601 [INFO] 현재 공고 건수: 0건 (이전: 0건)
2026-05-19 15:34:19,601 [INFO] 변경 없음.
2026-05-19 15:34:19,603 [INFO] 다음 체크: 5분 후
2026-05-19 15:39:19,604 [INFO] [2026-05-19 15:39:19] API 조회 중...
2026-05-19 15:39:20,335 [INFO] 현재 공고 건수: 0건 (이전: 0건)
2026-05-19 15:39:20,335 [INFO] 변경 없음.
2026-05-19 15:39:20,338 [INFO] 다음 체크: 5분 후
2026-05-19 15:44:20,339 [INFO] [2026-05-19 15:44:20] API 조회 중...
2026-05-19 15:44:20,782 [INFO] 현재 공고 건수: 0건 (이전: 0건)
2026-05-19 15:44:20,783 [INFO] 변경 없음.
2026-05-19 15:44:20,784 [INFO] 다음 체크: 5분 후
2026-05-19 15:49:20,785 [INFO] [2026-05-19 15:49:20] API 조회 중...
2026-05-19 15:49:21,363 [INFO] 현재 공고 건수: 0건 (이전: 0건)
2026-05-19 15:49:21,364 [INFO] 변경 없음.
2026-05-19 15:49:21,366 [INFO] 다음 체크: 5분 후
2026-05-19 15:54:21,367 [INFO] [2026-05-19 15:54:21] API 조회 중...
2026-05-19 15:54:22,042 [INFO] 현재 공고 건수: 0건 (이전: 0건)
2026-05-19 15:54:22,043 [INFO] 변경 없음.
2026-05-19 15:54:22,044 [INFO] 다음 체크: 5분 후
2026-05-19 15:59:22,045 [INFO] [2026-05-19 15:59:22] API 조회 중...
2026-05-19 15:59:22,768 [INFO] 현재 공고 건수: 0건 (이전: 0건)
2026-05-19 15:59:22,768 [INFO] 변경 없음.
2026-05-19 15:59:22,769 [INFO] 다음 체크: 5분 후
2026-05-19 16:04:22,770 [INFO] [2026-05-19 16:04:22] API 조회 중...
2026-05-19 16:04:23,284 [INFO] 현재 공고 건수: 0건 (이전: 0건)
2026-05-19 16:04:23,285 [INFO] 변경 없음.
2026-05-19 16:04:23,286 [INFO] 다음 체크: 5분 후
2026-05-19 16:09:23,287 [INFO] [2026-05-19 16:09:23] API 조회 중...
2026-05-19 16:09:23,869 [INFO] 현재 공고 건수: 0건 (이전: 0건)
2026-05-19 16:09:23,870 [INFO] 변경 없음.
2026-05-19 16:09:23,873 [INFO] 다음 체크: 5분 후
2026-05-19 16:14:23,874 [INFO] [2026-05-19 16:14:23] API 조회 중...
2026-05-19 16:14:24,454 [INFO] 현재 공고 건수: 0건 (이전: 0건)
2026-05-19 16:14:24,454 [INFO] 변경 없음.
2026-05-19 16:14:24,456 [INFO] 다음 체크: 5분 후
2026-05-19 16:19:24,457 [INFO] [2026-05-19 16:19:24] API 조회 중...
2026-05-19 16:19:25,046 [INFO] 현재 공고 건수: 0건 (이전: 0건)
2026-05-19 16:19:25,046 [INFO] 변경 없음.
2026-05-19 16:19:25,049 [INFO] 다음 체크: 5분 후
2026-05-19 16:24:25,050 [INFO] [2026-05-19 16:24:25] API 조회 중...
2026-05-19 16:24:25,709 [INFO] 현재 공고 건수: 0건 (이전: 0건)
2026-05-19 16:24:25,710 [INFO] 변경 없음.
2026-05-19 16:24:25,712 [INFO] 다음 체크: 5분 후
2026-05-19 16:29:25,713 [INFO] [2026-05-19 16:29:25] API 조회 중...
2026-05-19 16:29:26,303 [INFO] 현재 공고 건수: 0건 (이전: 0건)
2026-05-19 16:29:26,304 [INFO] 변경 없음.
2026-05-19 16:29:26,306 [INFO] 다음 체크: 5분 후
2026-05-19 16:34:26,307 [INFO] [2026-05-19 16:34:26] API 조회 중...
2026-05-19 16:34:26,948 [INFO] 현재 공고 건수: 0건 (이전: 0건)
2026-05-19 16:34:26,949 [INFO] 변경 없음.
2026-05-19 16:34:26,950 [INFO] 다음 체크: 5분 후
2026-05-19 16:39:26,951 [INFO] [2026-05-19 16:39:26] API 조회 중...
2026-05-19 16:39:27,501 [INFO] 현재 공고 건수: 0건 (이전: 0건)
2026-05-19 16:39:27,502 [INFO] 변경 없음.
2026-05-19 16:39:27,503 [INFO] 다음 체크: 5분 후
2026-05-19 16:44:27,504 [INFO] [2026-05-19 16:44:27] API 조회 중...
2026-05-19 16:44:28,057 [INFO] 현재 공고 건수: 0건 (이전: 0건)
2026-05-19 16:44:28,057 [INFO] 변경 없음.
2026-05-19 16:44:28,058 [INFO] 다음 체크: 5분 후
2026-05-19 16:49:28,060 [INFO] [2026-05-19 16:49:28] API 조회 중...
2026-05-19 16:49:28,774 [INFO] 현재 공고 건수: 0건 (이전: 0건)
2026-05-19 16:49:28,775 [INFO] 변경 없음.
2026-05-19 16:49:28,776 [INFO] 다음 체크: 5분 후
2026-05-19 16:54:28,777 [INFO] [2026-05-19 16:54:28] API 조회 중...
2026-05-19 16:54:29,407 [INFO] 현재 공고 건수: 0건 (이전: 0건)
2026-05-19 16:54:29,407 [INFO] 변경 없음.
2026-05-19 16:54:29,409 [INFO] 다음 체크: 5분 후
2026-05-19 16:59:29,410 [INFO] [2026-05-19 16:59:29] API 조회 중...
2026-05-19 16:59:30,023 [INFO] 현재 공고 건수: 0건 (이전: 0건)
2026-05-19 16:59:30,024 [INFO] 변경 없음.
2026-05-19 16:59:30,025 [INFO] 다음 체크: 5분 후
2026-05-19 17:04:30,025 [INFO] [2026-05-19 17:04:30] API 조회 중...
2026-05-19 17:04:30,632 [INFO] 현재 공고 건수: 0건 (이전: 0건)
2026-05-19 17:04:30,633 [INFO] 변경 없음.
2026-05-19 17:04:30,634 [INFO] 다음 체크: 5분 후
2026-05-19 17:09:30,635 [INFO] [2026-05-19 17:09:30] API 조회 중...
2026-05-19 17:09:31,322 [INFO] 현재 공고 건수: 0건 (이전: 0건)
2026-05-19 17:09:31,322 [INFO] 변경 없음.
2026-05-19 17:09:31,325 [INFO] 다음 체크: 5분 후
2026-05-19 17:14:31,326 [INFO] [2026-05-19 17:14:31] API 조회 중...
2026-05-19 17:14:32,054 [INFO] 현재 공고 건수: 0건 (이전: 0건)
2026-05-19 17:14:32,054 [INFO] 변경 없음.
2026-05-19 17:14:32,056 [INFO] 다음 체크: 5분 후
2026-05-19 17:19:32,057 [INFO] [2026-05-19 17:19:32] API 조회 중...
2026-05-19 17:19:32,697 [INFO] 현재 공고 건수: 0건 (이전: 0건)
2026-05-19 17:19:32,697 [INFO] 변경 없음.
2026-05-19 17:19:32,700 [INFO] 다음 체크: 5분 후
2026-05-19 17:24:32,700 [INFO] [2026-05-19 17:24:32] API 조회 중...
2026-05-19 17:24:33,236 [INFO] 현재 공고 건수: 0건 (이전: 0건)
2026-05-19 17:24:33,236 [INFO] 변경 없음.
2026-05-19 17:24:33,238 [INFO] 다음 체크: 5분 후
2026-05-19 17:29:33,239 [INFO] [2026-05-19 17:29:33] API 조회 중...
2026-05-19 17:29:33,816 [INFO] 현재 공고 건수: 0건 (이전: 0건)
2026-05-19 17:29:33,817 [INFO] 변경 없음.
2026-05-19 17:29:33,818 [INFO] 다음 체크: 5분 후
2026-05-19 17:34:33,818 [INFO] [2026-05-19 17:34:33] API 조회 중...
2026-05-19 17:34:34,472 [INFO] 현재 공고 건수: 0건 (이전: 0건)
2026-05-19 17:34:34,472 [INFO] 변경 없음.
2026-05-19 17:34:34,474 [INFO] 다음 체크: 5분 후
2026-05-19 17:39:34,474 [INFO] [2026-05-19 17:39:34] API 조회 중...
2026-05-19 17:39:34,976 [INFO] 현재 공고 건수: 0건 (이전: 0건)
2026-05-19 17:39:34,976 [INFO] 변경 없음.
2026-05-19 17:39:34,977 [INFO] 다음 체크: 5분 후
2026-05-19 17:44:34,978 [INFO] [2026-05-19 17:44:34] API 조회 중...
2026-05-19 17:44:35,481 [INFO] 현재 공고 건수: 0건 (이전: 0건)
2026-05-19 17:44:35,481 [INFO] 변경 없음.
2026-05-19 17:44:35,482 [INFO] 다음 체크: 5분 후
2026-05-19 17:49:35,483 [INFO] [2026-05-19 17:49:35] API 조회 중...
2026-05-19 17:49:35,844 [INFO] 현재 공고 건수: 0건 (이전: 0건)
2026-05-19 17:49:35,844 [INFO] 변경 없음.
2026-05-19 17:49:35,846 [INFO] 다음 체크: 5분 후
2026-05-19 17:54:35,846 [INFO] [2026-05-19 17:54:35] API 조회 중...
2026-05-19 17:54:36,321 [INFO] 현재 공고 건수: 0건 (이전: 0건)
2026-05-19 17:54:36,321 [INFO] 변경 없음.
2026-05-19 17:54:36,322 [INFO] 다음 체크: 5분 후
2026-05-19 17:59:36,322 [INFO] [2026-05-19 17:59:36] API 조회 중...
2026-05-19 17:59:36,852 [INFO] 현재 공고 건수: 0건 (이전: 0건)
2026-05-19 17:59:36,852 [INFO] 변경 없음.
2026-05-19 17:59:36,853 [INFO] 다음 체크: 5분 후
2026-05-19 18:04:36,854 [INFO] [2026-05-19 18:04:36] API 조회 중...
2026-05-19 18:04:37,321 [INFO] 현재 공고 건수: 0건 (이전: 0건)
2026-05-19 18:04:37,322 [INFO] 변경 없음.
2026-05-19 18:04:37,324 [INFO] 다음 체크: 5분 후
2026-05-19 18:09:37,325 [INFO] [2026-05-19 18:09:37] API 조회 중...
2026-05-19 18:09:37,779 [INFO] 현재 공고 건수: 0건 (이전: 0건)
2026-05-19 18:09:37,779 [INFO] 변경 없음.
2026-05-19 18:09:37,780 [INFO] 다음 체크: 5분 후
2026-05-19 18:14:37,781 [INFO] [2026-05-19 18:14:37] API 조회 중...
2026-05-19 18:14:38,287 [INFO] 현재 공고 건수: 0건 (이전: 0건)
2026-05-19 18:14:38,288 [INFO] 변경 없음.
2026-05-19 18:14:38,288 [INFO] 다음 체크: 5분 후
2026-05-19 18:19:38,289 [INFO] [2026-05-19 18:19:38] API 조회 중...
2026-05-19 18:19:38,847 [INFO] 현재 공고 건수: 0건 (이전: 0건)
2026-05-19 18:19:38,848 [INFO] 변경 없음.
2026-05-19 18:19:38,849 [INFO] 다음 체크: 5분 후
2026-05-19 18:24:38,850 [INFO] [2026-05-19 18:24:38] API 조회 중...
2026-05-19 18:24:39,315 [INFO] 현재 공고 건수: 0건 (이전: 0건)
2026-05-19 18:24:39,316 [INFO] 변경 없음.
2026-05-19 18:24:39,317 [INFO] 다음 체크: 5분 후
2026-05-19 18:29:39,317 [INFO] [2026-05-19 18:29:39] API 조회 중...
2026-05-19 18:29:39,842 [INFO] 현재 공고 건수: 0건 (이전: 0건)
2026-05-19 18:29:39,843 [INFO] 변경 없음.
2026-05-19 18:29:39,844 [INFO] 다음 체크: 5분 후
2026-05-19 19:31:33,896 [INFO] [2026-05-19 19:31:33] API 조회 중...
2026-05-19 19:31:34,104 [ERROR] 네트워크 연결 오류. 인터넷 연결을 확인하세요.
2026-05-19 19:31:34,109 [WARNING] 조회 실패 — 다음 주기에 재시도합니다.
2026-05-19 19:31:34,133 [INFO] 다음 체크: 5분 후
2026-05-20 00:29:20,896 [INFO] [2026-05-20 00:29:20] API 조회 중...
2026-05-20 00:29:21,085 [ERROR] 네트워크 연결 오류. 인터넷 연결을 확인하세요.
2026-05-20 00:29:21,108 [WARNING] 조회 실패 — 다음 주기에 재시도합니다.
2026-05-20 00:29:21,262 [INFO] 다음 체크: 5분 후
2026-05-20 03:29:21,923 [INFO] [2026-05-20 03:29:21] API 조회 중...
2026-05-20 03:29:22,010 [ERROR] 네트워크 연결 오류. 인터넷 연결을 확인하세요.
2026-05-20 03:29:22,125 [WARNING] 조회 실패 — 다음 주기에 재시도합니다.
2026-05-20 03:29:22,231 [INFO] 다음 체크: 5분 후
2026-05-20 08:02:06,574 [INFO] [2026-05-20 08:02:06] API 조회 중...
2026-05-20 08:02:06,720 [ERROR] 네트워크 연결 오류. 인터넷 연결을 확인하세요.
2026-05-20 08:02:06,722 [WARNING] 조회 실패 — 다음 주기에 재시도합니다.
2026-05-20 08:02:06,724 [INFO] 다음 체크: 5분 후
2026-05-20 08:07:05,699 [INFO] [2026-05-20 08:07:05] API 조회 중...
2026-05-20 08:07:05,967 [INFO] 현재 공고 건수: 0건 (이전: 0건)
2026-05-20 08:07:05,968 [INFO] 변경 없음.
2026-05-20 08:07:05,970 [INFO] 다음 체크: 5분 후
2026-05-20 08:12:05,971 [INFO] [2026-05-20 08:12:05] API 조회 중...
2026-05-20 08:12:06,190 [INFO] 현재 공고 건수: 0건 (이전: 0건)
2026-05-20 08:12:06,190 [INFO] 변경 없음.
2026-05-20 08:12:06,191 [INFO] 다음 체크: 5분 후
2026-05-20 08:17:06,192 [INFO] [2026-05-20 08:17:06] API 조회 중...
2026-05-20 08:17:06,462 [INFO] 현재 공고 건수: 0건 (이전: 0건)
2026-05-20 08:17:06,462 [INFO] 변경 없음.
2026-05-20 08:17:06,463 [INFO] 다음 체크: 5분 후
2026-05-20 08:22:06,464 [INFO] [2026-05-20 08:22:06] API 조회 중...
2026-05-20 08:22:06,739 [INFO] 현재 공고 건수: 0건 (이전: 0건)
2026-05-20 08:22:06,739 [INFO] 변경 없음.
2026-05-20 08:22:06,741 [INFO] 다음 체크: 5분 후
2026-05-20 08:27:06,741 [INFO] [2026-05-20 08:27:06] API 조회 중...
2026-05-20 08:27:07,023 [INFO] 현재 공고 건수: 0건 (이전: 0건)
2026-05-20 08:27:07,023 [INFO] 변경 없음.
2026-05-20 08:27:07,025 [INFO] 다음 체크: 5분 후
2026-05-20 08:32:07,026 [INFO] [2026-05-20 08:32:07] API 조회 중...
2026-05-20 08:32:07,279 [INFO] 현재 공고 건수: 0건 (이전: 0건)
2026-05-20 08:32:07,279 [INFO] 변경 없음.
2026-05-20 08:32:07,280 [INFO] 다음 체크: 5분 후
2026-05-20 08:37:07,280 [INFO] [2026-05-20 08:37:07] API 조회 중...
2026-05-20 08:37:07,556 [INFO] 현재 공고 건수: 0건 (이전: 0건)
2026-05-20 08:37:07,556 [INFO] 변경 없음.
2026-05-20 08:37:07,558 [INFO] 다음 체크: 5분 후
2026-05-20 08:42:07,558 [INFO] [2026-05-20 08:42:07] API 조회 중...
2026-05-20 08:42:07,916 [INFO] 현재 공고 건수: 0건 (이전: 0건)
2026-05-20 08:42:07,916 [INFO] 변경 없음.
2026-05-20 08:42:07,918 [INFO] 다음 체크: 5분 후
2026-05-20 08:47:07,918 [INFO] [2026-05-20 08:47:07] API 조회 중...
2026-05-20 08:47:08,196 [INFO] 현재 공고 건수: 0건 (이전: 0건)
2026-05-20 08:47:08,197 [INFO] 변경 없음.
2026-05-20 08:47:08,198 [INFO] 다음 체크: 5분 후
2026-05-20 08:52:08,199 [INFO] [2026-05-20 08:52:08] API 조회 중...
2026-05-20 08:52:08,452 [INFO] 현재 공고 건수: 0건 (이전: 0건)
2026-05-20 08:52:08,452 [INFO] 변경 없음.
2026-05-20 08:52:08,453 [INFO] 다음 체크: 5분 후
2026-05-20 08:57:08,454 [INFO] [2026-05-20 08:57:08] API 조회 중...
2026-05-20 08:57:08,704 [INFO] 현재 공고 건수: 0건 (이전: 0건)
2026-05-20 08:57:08,705 [INFO] 변경 없음.
2026-05-20 08:57:08,705 [INFO] 다음 체크: 5분 후
2026-05-20 09:02:08,706 [INFO] [2026-05-20 09:02:08] API 조회 중...
2026-05-20 09:02:08,962 [INFO] 현재 공고 건수: 0건 (이전: 0건)
2026-05-20 09:02:08,963 [INFO] 변경 없음.
2026-05-20 09:02:08,964 [INFO] 다음 체크: 5분 후
2026-05-20 09:07:08,964 [INFO] [2026-05-20 09:07:08] API 조회 중...
2026-05-20 09:07:09,479 [INFO] 현재 공고 건수: 0건 (이전: 0건)
2026-05-20 09:07:09,480 [INFO] 변경 없음.
2026-05-20 09:07:09,482 [INFO] 다음 체크: 5분 후
2026-05-20 09:12:09,483 [INFO] [2026-05-20 09:12:09] API 조회 중...
2026-05-20 09:12:09,899 [INFO] 현재 공고 건수: 0건 (이전: 0건)
2026-05-20 09:12:09,900 [INFO] 변경 없음.
2026-05-20 09:12:09,902 [INFO] 다음 체크: 5분 후
2026-05-20 09:17:09,903 [INFO] [2026-05-20 09:17:09] API 조회 중...
2026-05-20 09:17:10,368 [INFO] 현재 공고 건수: 0건 (이전: 0건)
2026-05-20 09:17:10,369 [INFO] 변경 없음.
2026-05-20 09:17:10,370 [INFO] 다음 체크: 5분 후
2026-05-20 09:22:10,371 [INFO] [2026-05-20 09:22:10] API 조회 중...
2026-05-20 09:22:10,889 [INFO] 현재 공고 건수: 0건 (이전: 0건)
2026-05-20 09:22:10,889 [INFO] 변경 없음.
2026-05-20 09:22:10,891 [INFO] 다음 체크: 5분 후
2026-05-20 09:27:10,891 [INFO] [2026-05-20 09:27:10] API 조회 중...
2026-05-20 09:27:11,392 [INFO] 현재 공고 건수: 0건 (이전: 0건)
2026-05-20 09:27:11,393 [INFO] 변경 없음.
2026-05-20 09:27:11,395 [INFO] 다음 체크: 5분 후
2026-05-20 09:32:11,396 [INFO] [2026-05-20 09:32:11] API 조회 중...
2026-05-20 09:32:11,966 [INFO] 현재 공고 건수: 0건 (이전: 0건)
2026-05-20 09:32:11,967 [INFO] 변경 없음.
2026-05-20 09:32:11,968 [INFO] 다음 체크: 5분 후
2026-05-20 09:37:11,969 [INFO] [2026-05-20 09:37:11] API 조회 중...
2026-05-20 09:37:12,539 [INFO] 현재 공고 건수: 0건 (이전: 0건)
2026-05-20 09:37:12,540 [INFO] 변경 없음.
2026-05-20 09:37:12,541 [INFO] 다음 체크: 5분 후
2026-05-20 09:42:12,542 [INFO] [2026-05-20 09:42:12] API 조회 중...
2026-05-20 09:42:13,111 [INFO] 현재 공고 건수: 0건 (이전: 0건)
2026-05-20 09:42:13,111 [INFO] 변경 없음.
2026-05-20 09:42:13,113 [INFO] 다음 체크: 5분 후
2026-05-20 09:47:13,115 [INFO] [2026-05-20 09:47:13] API 조회 중...
2026-05-20 09:47:13,687 [INFO] 현재 공고 건수: 0건 (이전: 0건)
2026-05-20 09:47:13,687 [INFO] 변경 없음.
2026-05-20 09:47:13,690 [INFO] 다음 체크: 5분 후
2026-05-20 09:52:13,691 [INFO] [2026-05-20 09:52:13] API 조회 중...
2026-05-20 09:52:14,426 [INFO] 현재 공고 건수: 0건 (이전: 0건)
2026-05-20 09:52:14,426 [INFO] 변경 없음.
2026-05-20 09:52:14,428 [INFO] 다음 체크: 5분 후
2026-05-20 09:57:14,428 [INFO] [2026-05-20 09:57:14] API 조회 중...
2026-05-20 09:57:14,940 [INFO] 현재 공고 건수: 0건 (이전: 0건)
2026-05-20 09:57:14,941 [INFO] 변경 없음.
2026-05-20 09:57:14,942 [INFO] 다음 체크: 5분 후
2026-05-20 10:02:14,943 [INFO] [2026-05-20 10:02:14] API 조회 중...
2026-05-20 10:02:15,338 [INFO] 현재 공고 건수: 0건 (이전: 0건)
2026-05-20 10:02:15,338 [INFO] 변경 없음.
2026-05-20 10:02:15,339 [INFO] 다음 체크: 5분 후
2026-05-20 10:07:15,340 [INFO] [2026-05-20 10:07:15] API 조회 중...
2026-05-20 10:07:15,940 [INFO] 현재 공고 건수: 0건 (이전: 0건)
2026-05-20 10:07:15,940 [INFO] 변경 없음.
2026-05-20 10:07:15,942 [INFO] 다음 체크: 5분 후
2026-05-20 10:12:15,943 [INFO] [2026-05-20 10:12:15] API 조회 중...
2026-05-20 10:12:16,483 [INFO] 현재 공고 건수: 0건 (이전: 0건)
2026-05-20 10:12:16,484 [INFO] 변경 없음.
2026-05-20 10:12:16,487 [INFO] 다음 체크: 5분 후
2026-05-20 10:17:16,488 [INFO] [2026-05-20 10:17:16] API 조회 중...
2026-05-20 10:17:17,074 [INFO] 현재 공고 건수: 0건 (이전: 0건)
2026-05-20 10:17:17,074 [INFO] 변경 없음.
2026-05-20 10:17:17,075 [INFO] 다음 체크: 5분 후
2026-05-20 10:22:17,076 [INFO] [2026-05-20 10:22:17] API 조회 중...
2026-05-20 10:22:17,521 [INFO] 현재 공고 건수: 0건 (이전: 0건)
2026-05-20 10:22:17,522 [INFO] 변경 없음.
2026-05-20 10:22:17,524 [INFO] 다음 체크: 5분 후
2026-05-20 10:27:17,525 [INFO] [2026-05-20 10:27:17] API 조회 중...
2026-05-20 10:27:18,054 [INFO] 현재 공고 건수: 0건 (이전: 0건)
2026-05-20 10:27:18,055 [INFO] 변경 없음.
2026-05-20 10:27:18,056 [INFO] 다음 체크: 5분 후
2026-05-20 10:32:18,057 [INFO] [2026-05-20 10:32:18] API 조회 중...
2026-05-20 10:32:18,538 [INFO] 현재 공고 건수: 0건 (이전: 0건)
2026-05-20 10:32:18,539 [INFO] 변경 없음.
2026-05-20 10:32:18,541 [INFO] 다음 체크: 5분 후
2026-05-20 10:37:18,542 [INFO] [2026-05-20 10:37:18] API 조회 중...
2026-05-20 10:37:18,962 [INFO] 현재 공고 건수: 0건 (이전: 0건)
2026-05-20 10:37:18,963 [INFO] 변경 없음.
2026-05-20 10:37:18,964 [INFO] 다음 체크: 5분 후
2026-05-20 10:42:18,964 [INFO] [2026-05-20 10:42:18] API 조회 중...
2026-05-20 10:42:19,438 [INFO] 현재 공고 건수: 0건 (이전: 0건)
2026-05-20 10:42:19,439 [INFO] 변경 없음.
2026-05-20 10:42:19,440 [INFO] 다음 체크: 5분 후
2026-05-20 10:47:19,441 [INFO] [2026-05-20 10:47:19] API 조회 중...
2026-05-20 10:47:20,056 [INFO] 현재 공고 건수: 0건 (이전: 0건)
2026-05-20 10:47:20,056 [INFO] 변경 없음.
2026-05-20 10:47:20,057 [INFO] 다음 체크: 5분 후
2026-05-20 10:52:20,058 [INFO] [2026-05-20 10:52:20] API 조회 중...
2026-05-20 10:52:20,705 [INFO] 현재 공고 건수: 0건 (이전: 0건)
2026-05-20 10:52:20,705 [INFO] 변경 없음.
2026-05-20 10:52:20,706 [INFO] 다음 체크: 5분 후
2026-05-20 10:57:20,707 [INFO] [2026-05-20 10:57:20] API 조회 중...
2026-05-20 10:57:21,421 [INFO] 현재 공고 건수: 0건 (이전: 0건)
2026-05-20 10:57:21,422 [INFO] 변경 없음.
2026-05-20 10:57:21,423 [INFO] 다음 체크: 5분 후
2026-05-20 11:02:21,424 [INFO] [2026-05-20 11:02:21] API 조회 중...
2026-05-20 11:02:21,871 [INFO] 현재 공고 건수: 0건 (이전: 0건)
2026-05-20 11:02:21,872 [INFO] 변경 없음.
2026-05-20 11:02:21,874 [INFO] 다음 체크: 5분 후
2026-05-20 11:07:21,874 [INFO] [2026-05-20 11:07:21] API 조회 중...
2026-05-20 11:07:22,447 [INFO] 현재 공고 건수: 0건 (이전: 0건)
2026-05-20 11:07:22,447 [INFO] 변경 없음.
2026-05-20 11:07:22,448 [INFO] 다음 체크: 5분 후
2026-05-20 11:12:22,448 [INFO] [2026-05-20 11:12:22] API 조회 중...
2026-05-20 11:12:22,895 [INFO] 현재 공고 건수: 0건 (이전: 0건)
2026-05-20 11:12:22,896 [INFO] 변경 없음.
2026-05-20 11:12:22,897 [INFO] 다음 체크: 5분 후
2026-05-20 11:17:22,897 [INFO] [2026-05-20 11:17:22] API 조회 중...
2026-05-20 11:17:23,424 [INFO] 현재 공고 건수: 0건 (이전: 0건)
2026-05-20 11:17:23,424 [INFO] 변경 없음.
2026-05-20 11:17:23,425 [INFO] 다음 체크: 5분 후
2026-05-20 11:22:23,426 [INFO] [2026-05-20 11:22:23] API 조회 중...
2026-05-20 11:22:23,766 [INFO] 현재 공고 건수: 0건 (이전: 0건)
2026-05-20 11:22:23,766 [INFO] 변경 없음.
2026-05-20 11:22:23,767 [INFO] 다음 체크: 5분 후
2026-05-20 11:27:23,614 [INFO] [2026-05-20 11:27:23] API 조회 중...
2026-05-20 11:27:24,238 [INFO] 현재 공고 건수: 0건 (이전: 0건)
2026-05-20 11:27:24,238 [INFO] 변경 없음.
2026-05-20 11:27:24,240 [INFO] 다음 체크: 5분 후
2026-05-20 11:32:24,241 [INFO] [2026-05-20 11:32:24] API 조회 중...
2026-05-20 11:32:24,815 [INFO] 현재 공고 건수: 0건 (이전: 0건)
2026-05-20 11:32:24,816 [INFO] 변경 없음.
2026-05-20 11:32:24,818 [INFO] 다음 체크: 5분 후
2026-05-20 11:37:24,819 [INFO] [2026-05-20 11:37:24] API 조회 중...
2026-05-20 11:37:25,405 [INFO] 현재 공고 건수: 0건 (이전: 0건)
2026-05-20 11:37:25,406 [INFO] 변경 없음.
2026-05-20 11:37:25,407 [INFO] 다음 체크: 5분 후
2026-05-20 11:42:25,408 [INFO] [2026-05-20 11:42:25] API 조회 중...
2026-05-20 11:42:25,956 [INFO] 현재 공고 건수: 0건 (이전: 0건)
2026-05-20 11:42:25,956 [INFO] 변경 없음.
2026-05-20 11:42:25,957 [INFO] 다음 체크: 5분 후
2026-05-20 11:47:25,958 [INFO] [2026-05-20 11:47:25] API 조회 중...
2026-05-20 11:47:26,651 [INFO] 현재 공고 건수: 0건 (이전: 0건)
2026-05-20 11:47:26,651 [INFO] 변경 없음.
2026-05-20 11:47:26,652 [INFO] 다음 체크: 5분 후
2026-05-20 11:52:26,653 [INFO] [2026-05-20 11:52:26] API 조회 중...
2026-05-20 11:52:27,174 [INFO] 현재 공고 건수: 0건 (이전: 0건)
2026-05-20 11:52:27,175 [INFO] 변경 없음.
2026-05-20 11:52:27,176 [INFO] 다음 체크: 5분 후
2026-05-20 11:57:27,177 [INFO] [2026-05-20 11:57:27] API 조회 중...
2026-05-20 11:57:27,813 [INFO] 현재 공고 건수: 0건 (이전: 0건)
2026-05-20 11:57:27,814 [INFO] 변경 없음.
2026-05-20 11:57:27,816 [INFO] 다음 체크: 5분 후
2026-05-20 12:02:27,817 [INFO] [2026-05-20 12:02:27] API 조회 중...
2026-05-20 12:02:28,417 [INFO] 현재 공고 건수: 0건 (이전: 0건)
2026-05-20 12:02:28,418 [INFO] 변경 없음.
2026-05-20 12:02:28,419 [INFO] 다음 체크: 5분 후
2026-05-20 12:07:28,420 [INFO] [2026-05-20 12:07:28] API 조회 중...
2026-05-20 12:07:29,023 [INFO] 현재 공고 건수: 0건 (이전: 0건)
2026-05-20 12:07:29,024 [INFO] 변경 없음.
2026-05-20 12:07:29,024 [INFO] 다음 체크: 5분 후
2026-05-20 12:12:29,025 [INFO] [2026-05-20 12:12:29] API 조회 중...
2026-05-20 12:12:29,651 [INFO] 현재 공고 건수: 0건 (이전: 0건)
2026-05-20 12:12:29,652 [INFO] 변경 없음.
2026-05-20 12:12:29,653 [INFO] 다음 체크: 5분 후
2026-05-20 12:17:29,654 [INFO] [2026-05-20 12:17:29] API 조회 중...
2026-05-20 12:17:30,221 [INFO] 현재 공고 건수: 0건 (이전: 0건)
2026-05-20 12:17:30,222 [INFO] 변경 없음.
2026-05-20 12:17:30,223 [INFO] 다음 체크: 5분 후
2026-05-20 12:22:30,224 [INFO] [2026-05-20 12:22:30] API 조회 중...
2026-05-20 12:22:30,811 [INFO] 현재 공고 건수: 0건 (이전: 0건)
2026-05-20 12:22:30,811 [INFO] 변경 없음.
2026-05-20 12:22:30,814 [INFO] 다음 체크: 5분 후
2026-05-20 12:27:30,815 [INFO] [2026-05-20 12:27:30] API 조회 중...
2026-05-20 12:27:31,120 [INFO] 현재 공고 건수: 0건 (이전: 0건)
2026-05-20 12:27:31,120 [INFO] 변경 없음.
2026-05-20 12:27:31,121 [INFO] 다음 체크: 5분 후
2026-05-20 12:32:31,062 [INFO] [2026-05-20 12:32:31] API 조회 중...
2026-05-20 12:32:31,573 [INFO] 현재 공고 건수: 0건 (이전: 0건)
2026-05-20 12:32:31,574 [INFO] 변경 없음.
2026-05-20 12:32:31,575 [INFO] 다음 체크: 5분 후
2026-05-20 12:37:31,576 [INFO] [2026-05-20 12:37:31] API 조회 중...
2026-05-20 12:37:32,061 [INFO] 현재 공고 건수: 0건 (이전: 0건)
2026-05-20 12:37:32,062 [INFO] 변경 없음.
2026-05-20 12:37:32,062 [INFO] 다음 체크: 5분 후
2026-05-20 12:42:32,063 [INFO] [2026-05-20 12:42:32] API 조회 중...
2026-05-20 12:42:32,479 [INFO] 현재 공고 건수: 0건 (이전: 0건)
2026-05-20 12:42:32,479 [INFO] 변경 없음.
2026-05-20 12:42:32,481 [INFO] 다음 체크: 5분 후
2026-05-20 12:47:32,482 [INFO] [2026-05-20 12:47:32] API 조회 중...
2026-05-20 12:47:33,018 [INFO] 현재 공고 건수: 0건 (이전: 0건)
2026-05-20 12:47:33,018 [INFO] 변경 없음.
2026-05-20 12:47:33,019 [INFO] 다음 체크: 5분 후
2026-05-20 12:52:33,020 [INFO] [2026-05-20 12:52:33] API 조회 중...
2026-05-20 12:52:33,466 [INFO] 현재 공고 건수: 0건 (이전: 0건)
2026-05-20 12:52:33,467 [INFO] 변경 없음.
2026-05-20 12:52:33,469 [INFO] 다음 체크: 5분 후
2026-05-20 12:57:33,470 [INFO] [2026-05-20 12:57:33] API 조회 중...
2026-05-20 12:57:33,963 [INFO] 현재 공고 건수: 0건 (이전: 0건)
2026-05-20 12:57:33,964 [INFO] 변경 없음.
2026-05-20 12:57:33,965 [INFO] 다음 체크: 5분 후
2026-05-20 13:02:33,966 [INFO] [2026-05-20 13:02:33] API 조회 중...
2026-05-20 13:02:34,507 [INFO] 현재 공고 건수: 0건 (이전: 0건)
2026-05-20 13:02:34,507 [INFO] 변경 없음.
2026-05-20 13:02:34,508 [INFO] 다음 체크: 5분 후
2026-05-20 13:07:34,509 [INFO] [2026-05-20 13:07:34] API 조회 중...
2026-05-20 13:07:35,013 [INFO] 현재 공고 건수: 0건 (이전: 0건)
2026-05-20 13:07:35,014 [INFO] 변경 없음.
2026-05-20 13:07:35,014 [INFO] 다음 체크: 5분 후
2026-05-20 13:12:35,015 [INFO] [2026-05-20 13:12:35] API 조회 중...
2026-05-20 13:12:35,496 [INFO] 현재 공고 건수: 0건 (이전: 0건)
2026-05-20 13:12:35,496 [INFO] 변경 없음.
2026-05-20 13:12:35,497 [INFO] 다음 체크: 5분 후
2026-05-20 13:17:35,497 [INFO] [2026-05-20 13:17:35] API 조회 중...
2026-05-20 13:17:36,023 [INFO] 현재 공고 건수: 0건 (이전: 0건)
2026-05-20 13:17:36,024 [INFO] 변경 없음.
2026-05-20 13:17:36,026 [INFO] 다음 체크: 5분 후
2026-05-20 13:22:36,027 [INFO] [2026-05-20 13:22:36] API 조회 중...
2026-05-20 13:22:36,529 [INFO] 현재 공고 건수: 0건 (이전: 0건)
2026-05-20 13:22:36,530 [INFO] 변경 없음.
2026-05-20 13:22:36,531 [INFO] 다음 체크: 5분 후
2026-05-20 13:27:36,531 [INFO] [2026-05-20 13:27:36] API 조회 중...
2026-05-20 13:27:37,181 [INFO] 현재 공고 건수: 0건 (이전: 0건)
2026-05-20 13:27:37,181 [INFO] 변경 없음.
2026-05-20 13:27:37,183 [INFO] 다음 체크: 5분 후
2026-05-20 13:32:37,184 [INFO] [2026-05-20 13:32:37] API 조회 중...
2026-05-20 13:32:37,845 [INFO] 현재 공고 건수: 0건 (이전: 0건)
2026-05-20 13:32:37,846 [INFO] 변경 없음.
2026-05-20 13:32:37,847 [INFO] 다음 체크: 5분 후
2026-05-20 13:37:37,847 [INFO] [2026-05-20 13:37:37] API 조회 중...
2026-05-20 13:37:38,594 [INFO] 현재 공고 건수: 0건 (이전: 0건)
2026-05-20 13:37:38,595 [INFO] 변경 없음.
2026-05-20 13:37:38,596 [INFO] 다음 체크: 5분 후
2026-05-20 13:42:38,597 [INFO] [2026-05-20 13:42:38] API 조회 중...
2026-05-20 13:42:39,222 [INFO] 현재 공고 건수: 0건 (이전: 0건)
2026-05-20 13:42:39,222 [INFO] 변경 없음.
2026-05-20 13:42:39,224 [INFO] 다음 체크: 5분 후
2026-05-20 13:47:39,225 [INFO] [2026-05-20 13:47:39] API 조회 중...
2026-05-20 13:47:39,751 [INFO] 현재 공고 건수: 0건 (이전: 0건)
2026-05-20 13:47:39,751 [INFO] 변경 없음.
2026-05-20 13:47:39,753 [INFO] 다음 체크: 5분 후
2026-05-20 13:52:39,753 [INFO] [2026-05-20 13:52:39] API 조회 중...
2026-05-20 13:52:40,325 [INFO] 현재 공고 건수: 0건 (이전: 0건)
2026-05-20 13:52:40,326 [INFO] 변경 없음.
2026-05-20 13:52:40,328 [INFO] 다음 체크: 5분 후
2026-05-20 13:57:40,328 [INFO] [2026-05-20 13:57:40] API 조회 중...
2026-05-20 13:57:40,963 [INFO] 현재 공고 건수: 0건 (이전: 0건)
2026-05-20 13:57:40,964 [INFO] 변경 없음.
2026-05-20 13:57:40,966 [INFO] 다음 체크: 5분 후
2026-05-20 14:02:40,967 [INFO] [2026-05-20 14:02:40] API 조회 중...
2026-05-20 14:02:41,531 [INFO] 현재 공고 건수: 0건 (이전: 0건)
2026-05-20 14:02:41,532 [INFO] 변경 없음.
2026-05-20 14:02:41,533 [INFO] 다음 체크: 5분 후
2026-05-20 14:07:41,534 [INFO] [2026-05-20 14:07:41] API 조회 중...
2026-05-20 14:07:42,214 [INFO] 현재 공고 건수: 0건 (이전: 0건)
2026-05-20 14:07:42,215 [INFO] 변경 없음.
2026-05-20 14:07:42,217 [INFO] 다음 체크: 5분 후
2026-05-20 14:12:42,218 [INFO] [2026-05-20 14:12:42] API 조회 중...
2026-05-20 14:12:42,847 [INFO] 현재 공고 건수: 0건 (이전: 0건)
2026-05-20 14:12:42,847 [INFO] 변경 없음.
2026-05-20 14:12:42,849 [INFO] 다음 체크: 5분 후
2026-05-20 14:17:42,850 [INFO] [2026-05-20 14:17:42] API 조회 중...
2026-05-20 14:17:43,435 [INFO] 현재 공고 건수: 0건 (이전: 0건)
2026-05-20 14:17:43,436 [INFO] 변경 없음.
2026-05-20 14:17:43,438 [INFO] 다음 체크: 5분 후
2026-05-20 14:22:43,438 [INFO] [2026-05-20 14:22:43] API 조회 중...
2026-05-20 14:22:43,847 [INFO] 현재 공고 건수: 0건 (이전: 0건)
2026-05-20 14:22:43,847 [INFO] 변경 없음.
2026-05-20 14:22:43,848 [INFO] 다음 체크: 5분 후
2026-05-20 14:27:43,849 [INFO] [2026-05-20 14:27:43] API 조회 중...
2026-05-20 14:27:44,464 [INFO] 현재 공고 건수: 0건 (이전: 0건)
2026-05-20 14:27:44,465 [INFO] 변경 없음.
2026-05-20 14:27:44,467 [INFO] 다음 체크: 5분 후
2026-05-20 14:32:44,467 [INFO] [2026-05-20 14:32:44] API 조회 중...
2026-05-20 14:32:45,084 [INFO] 현재 공고 건수: 0건 (이전: 0건)
2026-05-20 14:32:45,084 [INFO] 변경 없음.
2026-05-20 14:32:45,085 [INFO] 다음 체크: 5분 후
2026-05-20 14:37:45,086 [INFO] [2026-05-20 14:37:45] API 조회 중...
2026-05-20 14:37:45,481 [INFO] 현재 공고 건수: 0건 (이전: 0건)
2026-05-20 14:37:45,482 [INFO] 변경 없음.
2026-05-20 14:37:45,483 [INFO] 다음 체크: 5분 후
2026-05-20 14:42:45,483 [INFO] [2026-05-20 14:42:45] API 조회 중...
2026-05-20 14:42:45,951 [INFO] 현재 공고 건수: 0건 (이전: 0건)
2026-05-20 14:42:45,951 [INFO] 변경 없음.
2026-05-20 14:42:45,952 [INFO] 다음 체크: 5분 후
2026-05-20 14:47:45,953 [INFO] [2026-05-20 14:47:45] API 조회 중...
2026-05-20 14:47:46,515 [INFO] 현재 공고 건수: 0건 (이전: 0건)
2026-05-20 14:47:46,515 [INFO] 변경 없음.
2026-05-20 14:47:46,517 [INFO] 다음 체크: 5분 후
2026-05-20 14:52:46,518 [INFO] [2026-05-20 14:52:46] API 조회 중...
2026-05-20 14:52:46,999 [INFO] 현재 공고 건수: 0건 (이전: 0건)
2026-05-20 14:52:47,000 [INFO] 변경 없음.
2026-05-20 14:52:47,002 [INFO] 다음 체크: 5분 후
2026-05-20 14:57:47,003 [INFO] [2026-05-20 14:57:47] API 조회 중...
2026-05-20 14:57:47,542 [INFO] 현재 공고 건수: 0건 (이전: 0건)
2026-05-20 14:57:47,542 [INFO] 변경 없음.
2026-05-20 14:57:47,543 [INFO] 다음 체크: 5분 후
2026-05-20 15:02:47,544 [INFO] [2026-05-20 15:02:47] API 조회 중...
2026-05-20 15:02:48,122 [INFO] 현재 공고 건수: 0건 (이전: 0건)
2026-05-20 15:02:48,122 [INFO] 변경 없음.
2026-05-20 15:02:48,124 [INFO] 다음 체크: 5분 후
2026-05-20 15:07:48,125 [INFO] [2026-05-20 15:07:48] API 조회 중...
2026-05-20 15:07:48,604 [INFO] 현재 공고 건수: 0건 (이전: 0건)
2026-05-20 15:07:48,604 [INFO] 변경 없음.
2026-05-20 15:07:48,606 [INFO] 다음 체크: 5분 후
2026-05-20 15:12:48,607 [INFO] [2026-05-20 15:12:48] API 조회 중...
2026-05-20 15:12:49,260 [INFO] 현재 공고 건수: 0건 (이전: 0건)
2026-05-20 15:12:49,261 [INFO] 변경 없음.
2026-05-20 15:12:49,262 [INFO] 다음 체크: 5분 후
2026-05-20 15:17:49,262 [INFO] [2026-05-20 15:17:49] API 조회 중...
2026-05-20 15:17:49,640 [INFO] 현재 공고 건수: 0건 (이전: 0건)
2026-05-20 15:17:49,640 [INFO] 변경 없음.
2026-05-20 15:17:49,641 [INFO] 다음 체크: 5분 후
2026-05-20 15:22:49,642 [INFO] [2026-05-20 15:22:49] API 조회 중...
2026-05-20 15:22:50,104 [INFO] 현재 공고 건수: 0건 (이전: 0건)
2026-05-20 15:22:50,104 [INFO] 변경 없음.
2026-05-20 15:22:50,106 [INFO] 다음 체크: 5분 후
2026-05-20 15:27:50,107 [INFO] [2026-05-20 15:27:50] API 조회 중...
2026-05-20 15:27:50,732 [INFO] 현재 공고 건수: 0건 (이전: 0건)
2026-05-20 15:27:50,732 [INFO] 변경 없음.
2026-05-20 15:27:50,734 [INFO] 다음 체크: 5분 후
2026-05-20 15:32:50,735 [INFO] [2026-05-20 15:32:50] API 조회 중...
2026-05-20 15:32:51,217 [INFO] 현재 공고 건수: 0건 (이전: 0건)
2026-05-20 15:32:51,218 [INFO] 변경 없음.
2026-05-20 15:32:51,219 [INFO] 다음 체크: 5분 후
2026-05-20 15:37:51,220 [INFO] [2026-05-20 15:37:51] API 조회 중...
2026-05-20 15:37:51,794 [INFO] 현재 공고 건수: 0건 (이전: 0건)
2026-05-20 15:37:51,794 [INFO] 변경 없음.
2026-05-20 15:37:51,796 [INFO] 다음 체크: 5분 후
2026-05-20 15:42:51,796 [INFO] [2026-05-20 15:42:51] API 조회 중...
2026-05-20 15:42:52,176 [INFO] 현재 공고 건수: 0건 (이전: 0건)
2026-05-20 15:42:52,176 [INFO] 변경 없음.
2026-05-20 15:42:52,178 [INFO] 다음 체크: 5분 후
2026-05-20 15:47:52,179 [INFO] [2026-05-20 15:47:52] API 조회 중...
2026-05-20 15:47:52,664 [INFO] 현재 공고 건수: 0건 (이전: 0건)
2026-05-20 15:47:52,664 [INFO] 변경 없음.
2026-05-20 15:47:52,665 [INFO] 다음 체크: 5분 후
2026-05-20 15:52:52,666 [INFO] [2026-05-20 15:52:52] API 조회 중...
2026-05-20 15:52:53,168 [INFO] 현재 공고 건수: 0건 (이전: 0건)
2026-05-20 15:52:53,168 [INFO] 변경 없음.
2026-05-20 15:52:53,169 [INFO] 다음 체크: 5분 후
2026-05-20 15:57:53,170 [INFO] [2026-05-20 15:57:53] API 조회 중...
2026-05-20 15:57:53,580 [INFO] 현재 공고 건수: 0건 (이전: 0건)
2026-05-20 15:57:53,580 [INFO] 변경 없음.
2026-05-20 15:57:53,581 [INFO] 다음 체크: 5분 후
2026-05-20 16:02:53,582 [INFO] [2026-05-20 16:02:53] API 조회 중...
2026-05-20 16:02:54,080 [INFO] 현재 공고 건수: 0건 (이전: 0건)
2026-05-20 16:02:54,080 [INFO] 변경 없음.
2026-05-20 16:02:54,082 [INFO] 다음 체크: 5분 후
2026-05-20 16:07:54,083 [INFO] [2026-05-20 16:07:54] API 조회 중...
2026-05-20 16:07:54,682 [INFO] 현재 공고 건수: 0건 (이전: 0건)
2026-05-20 16:07:54,683 [INFO] 변경 없음.
2026-05-20 16:07:54,685 [INFO] 다음 체크: 5분 후
2026-05-20 16:12:54,686 [INFO] [2026-05-20 16:12:54] API 조회 중...
2026-05-20 16:12:55,130 [INFO] 현재 공고 건수: 0건 (이전: 0건)
2026-05-20 16:12:55,131 [INFO] 변경 없음.
2026-05-20 16:12:55,131 [INFO] 다음 체크: 5분 후
2026-05-20 16:17:55,132 [INFO] [2026-05-20 16:17:55] API 조회 중...
2026-05-20 16:17:55,627 [INFO] 현재 공고 건수: 0건 (이전: 0건)
2026-05-20 16:17:55,627 [INFO] 변경 없음.
2026-05-20 16:17:55,628 [INFO] 다음 체크: 5분 후
2026-05-20 16:22:55,629 [INFO] [2026-05-20 16:22:55] API 조회 중...
2026-05-20 16:22:56,086 [INFO] 현재 공고 건수: 0건 (이전: 0건)
2026-05-20 16:22:56,087 [INFO] 변경 없음.
2026-05-20 16:22:56,088 [INFO] 다음 체크: 5분 후
2026-05-20 17:19:39,890 [INFO] [2026-05-20 17:19:39] API 조회 중...
2026-05-20 17:19:44,162 [INFO] 현재 공고 건수: 0건 (이전: 0건)
2026-05-20 17:19:44,163 [INFO] 변경 없음.
2026-05-20 17:19:44,164 [INFO] 다음 체크: 5분 후
2026-05-20 17:24:43,915 [INFO] [2026-05-20 17:24:43] API 조회 중...
2026-05-20 17:24:44,562 [INFO] 현재 공고 건수: 0건 (이전: 0건)
2026-05-20 17:24:44,562 [INFO] 변경 없음.
2026-05-20 17:24:44,564 [INFO] 다음 체크: 5분 후
2026-05-20 17:29:44,565 [INFO] [2026-05-20 17:29:44] API 조회 중...
2026-05-20 17:29:45,131 [INFO] 현재 공고 건수: 0건 (이전: 0건)
2026-05-20 17:29:45,131 [INFO] 변경 없음.
2026-05-20 17:29:45,132 [INFO] 다음 체크: 5분 후
2026-05-20 17:34:45,133 [INFO] [2026-05-20 17:34:45] API 조회 중...
2026-05-20 17:34:45,533 [INFO] 현재 공고 건수: 0건 (이전: 0건)
2026-05-20 17:34:45,534 [INFO] 변경 없음.
2026-05-20 17:34:45,535 [INFO] 다음 체크: 5분 후
2026-05-20 17:39:45,535 [INFO] [2026-05-20 17:39:45] API 조회 중...
2026-05-20 17:39:46,055 [INFO] 현재 공고 건수: 0건 (이전: 0건)
2026-05-20 17:39:46,056 [INFO] 변경 없음.
2026-05-20 17:39:46,058 [INFO] 다음 체크: 5분 후
2026-05-20 17:44:46,059 [INFO] [2026-05-20 17:44:46] API 조회 중...
2026-05-20 17:44:46,623 [INFO] 현재 공고 건수: 0건 (이전: 0건)
2026-05-20 17:44:46,624 [INFO] 변경 없음.
2026-05-20 17:44:46,625 [INFO] 다음 체크: 5분 후
2026-05-20 17:49:46,626 [INFO] [2026-05-20 17:49:46] API 조회 중...
2026-05-20 17:49:47,342 [INFO] 현재 공고 건수: 0건 (이전: 0건)
2026-05-20 17:49:47,342 [INFO] 변경 없음.
2026-05-20 17:49:47,344 [INFO] 다음 체크: 5분 후
2026-05-20 17:54:47,344 [INFO] [2026-05-20 17:54:47] API 조회 중...
2026-05-20 17:54:47,888 [INFO] 현재 공고 건수: 0건 (이전: 0건)
2026-05-20 17:54:47,888 [INFO] 변경 없음.
2026-05-20 17:54:47,889 [INFO] 다음 체크: 5분 후
2026-05-20 17:59:47,890 [INFO] [2026-05-20 17:59:47] API 조회 중...
2026-05-20 17:59:48,333 [INFO] 현재 공고 건수: 0건 (이전: 0건)
2026-05-20 17:59:48,334 [INFO] 변경 없음.
2026-05-20 17:59:48,335 [INFO] 다음 체크: 5분 후
2026-05-20 18:04:48,336 [INFO] [2026-05-20 18:04:48] API 조회 중...
2026-05-20 18:04:48,721 [INFO] 현재 공고 건수: 0건 (이전: 0건)
2026-05-20 18:04:48,721 [INFO] 변경 없음.
2026-05-20 18:04:48,723 [INFO] 다음 체크: 5분 후
2026-05-20 18:09:48,723 [INFO] [2026-05-20 18:09:48] API 조회 중...
2026-05-20 18:09:49,157 [INFO] 현재 공고 건수: 0건 (이전: 0건)
2026-05-20 18:09:49,157 [INFO] 변경 없음.
2026-05-20 18:09:49,158 [INFO] 다음 체크: 5분 후
2026-05-20 18:14:49,158 [INFO] [2026-05-20 18:14:49] API 조회 중...
2026-05-20 18:14:49,601 [INFO] 현재 공고 건수: 0건 (이전: 0건)
2026-05-20 18:14:49,602 [INFO] 변경 없음.
2026-05-20 18:14:49,603 [INFO] 다음 체크: 5분 후
2026-05-20 18:19:49,603 [INFO] [2026-05-20 18:19:49] API 조회 중...
2026-05-20 18:19:50,021 [INFO] 현재 공고 건수: 0건 (이전: 0건)
2026-05-20 18:19:50,021 [INFO] 변경 없음.
2026-05-20 18:19:50,022 [INFO] 다음 체크: 5분 후
2026-05-20 18:24:50,023 [INFO] [2026-05-20 18:24:50] API 조회 중...
2026-05-20 18:24:50,500 [INFO] 현재 공고 건수: 0건 (이전: 0건)
2026-05-20 18:24:50,501 [INFO] 변경 없음.
2026-05-20 18:24:50,502 [INFO] 다음 체크: 5분 후
2026-05-20 19:30:01,296 [INFO] [2026-05-20 19:30:01] API 조회 중...
2026-05-20 19:30:02,506 [INFO] 현재 공고 건수: 0건 (이전: 0건)
2026-05-20 19:30:02,506 [INFO] 변경 없음.
2026-05-20 19:30:02,508 [INFO] 다음 체크: 5분 후
2026-05-21 00:29:20,830 [INFO] [2026-05-21 00:29:20] API 조회 중...
2026-05-21 00:29:21,054 [ERROR] 네트워크 연결 오류. 인터넷 연결을 확인하세요.
2026-05-21 00:29:21,055 [WARNING] 조회 실패 — 다음 주기에 재시도합니다.
2026-05-21 00:29:21,055 [INFO] 다음 체크: 5분 후
2026-05-21 03:29:45,853 [INFO] [2026-05-21 03:29:45] API 조회 중...
2026-05-21 03:29:45,894 [ERROR] 네트워크 연결 오류. 인터넷 연결을 확인하세요.
2026-05-21 03:29:45,894 [WARNING] 조회 실패 — 다음 주기에 재시도합니다.
2026-05-21 03:29:45,894 [INFO] 다음 체크: 5분 후
2026-05-21 08:03:08,699 [INFO] [2026-05-21 08:03:08] API 조회 중...
2026-05-21 08:03:08,772 [ERROR] 네트워크 연결 오류. 인터넷 연결을 확인하세요.
2026-05-21 08:03:08,786 [WARNING] 조회 실패 — 다음 주기에 재시도합니다.
2026-05-21 08:03:08,789 [INFO] 다음 체크: 5분 후
2026-05-21 08:08:07,914 [INFO] [2026-05-21 08:08:07] API 조회 중...
2026-05-21 08:08:08,309 [INFO] 현재 공고 건수: 1건 (이전: 0건)
2026-05-21 08:08:08,309 [INFO] 신규 공고 1건 감지
2026-05-21 08:08:08,310 [INFO] 변경 감지! 건강보험심사평가원 클라우드 공고: 0건 → 1건

신규 공고:
• 2026년 클라우드 전환 및 업무서비스 개선 사업 (R26BM00798441)
2026-05-21 08:08:08,329 [INFO] 다음 체크: 5분 후
2026-05-21 08:13:08,330 [INFO] [2026-05-21 08:13:08] API 조회 중...
2026-05-21 08:13:08,595 [INFO] 현재 공고 건수: 1건 (이전: 1건)
2026-05-21 08:13:08,595 [INFO] 변경 없음.
2026-05-21 08:13:08,596 [INFO] 다음 체크: 5분 후
2026-05-21 08:18:05,092 [INFO] 모니터링 종료 (Ctrl+C)
